

================================================================
== Vitis HLS Report for 'filter_kernel_Pipeline_VITIS_LOOP_119_22'
================================================================
* Date:           Mon Mar 24 04:06:37 2025

* Version:        2024.2 (Build 5238294 on Nov  8 2024)
* Project:        filter
* Solution:       hls (Vivado IP Flow Target)
* Product family: zynq
* Target device:  xc7z020-clg400-1


================================================================
== Performance Estimates
================================================================
+ Timing: 
    * Summary: 
    +--------+----------+----------+------------+
    |  Clock |  Target  | Estimated| Uncertainty|
    +--------+----------+----------+------------+
    |ap_clk  |  10.00 ns|  6.481 ns|     2.70 ns|
    +--------+----------+----------+------------+

+ Latency: 
    * Summary: 
    +---------+---------+-----------+-----------+------+------+------------------------------------------------+
    |  Latency (cycles) |   Latency (absolute)  |   Interval  |                    Pipeline                    |
    |   min   |   max   |    min    |    max    |  min |  max |                      Type                      |
    +---------+---------+-----------+-----------+------+------+------------------------------------------------+
    |     1922|     1922|  19.220 us|  19.220 us|  1921|  1921|  loop auto-rewind stp (delay=0 clock cycles(s))|
    +---------+---------+-----------+-----------+------+------+------------------------------------------------+

    + Detail: 
        * Instance: 
        N/A

        * Loop: 
        +--------------------+---------+---------+----------+-----------+-----------+------+----------+
        |                    |  Latency (cycles) | Iteration|  Initiation Interval  | Trip |          |
        |      Loop Name     |   min   |   max   |  Latency |  achieved |   target  | Count| Pipelined|
        +--------------------+---------+---------+----------+-----------+-----------+------+----------+
        |- VITIS_LOOP_119_2  |     1920|     1920|         1|          1|          1|  1920|       yes|
        +--------------------+---------+---------+----------+-----------+-----------+------+----------+

============================================================
+ Verbose Summary: Synthesis Manager
============================================================
InlineROM: 1
ExposeGlobal: 0
============================================================
+ Verbose Summary: CDFG Model
============================================================
IsTopModel: 0
ResetActiveHigh: 1
IsCombinational: 0
IsDatapathOnly: 0
HasWiredReturn: 1
HasMFsm: 2
HasVarLatency: 1
IsPipeline: 0
IsRtlPipelined: 0
IsInstanceOverlapped: 0
IsDontTouch: 0
HasImplIP: 0
IsGatedGlobalClock: 0

+ Individual pipeline summary: 
  * Pipeline-0: initiation interval (II) = 1, depth = 1


============================================================
+ Verbose Summary: Schedule
============================================================
* Number of FSM states : 1
* Pipeline : 1
  Pipeline-0 : II = 1, D = 1, States = { 1 }
* Dataflow Pipeline: 0

* FSM state transitions: 
1 --> 

* FSM state operations: 

State 1 <SV = 0> <Delay = 6.48>
ST_1 : Operation 4 [1/1] (0.00ns)   --->   "%j = alloca i32 1" [filter.cpp:119]   --->   Operation 4 'alloca' 'j' <Predicate = true> <Delay = 0.00>
ST_1 : Operation 5 [1/1] (1.58ns)   --->   "%store_ln119 = store i11 0, i11 %j" [filter.cpp:119]   --->   Operation 5 'store' 'store_ln119' <Predicate = true> <Delay = 1.58>
ST_1 : Operation 6 [1/1] (0.00ns)   --->   "%br_ln0 = br void %VITIS_LOOP_121_3.2"   --->   Operation 6 'br' 'br_ln0' <Predicate = true> <Delay = 0.00>
ST_1 : Operation 7 [1/1] (0.00ns)   --->   "%j_1 = load i11 %j" [filter.cpp:119]   --->   Operation 7 'load' 'j_1' <Predicate = true> <Delay = 0.00>
ST_1 : Operation 8 [1/1] (1.63ns)   --->   "%icmp_ln119 = icmp_eq  i11 %j_1, i11 1920" [filter.cpp:119]   --->   Operation 8 'icmp' 'icmp_ln119' <Predicate = true> <Delay = 1.63> <CoreInst = "Cmp">   --->   Core 9 'Cmp' <Latency = 0> <II = 1> <Delay = 1.63> <FuncUnit> <Opcode : 'seteq' 'setne' 'setle' 'setge' 'setlt' 'setgt'> <InPorts = 2> <OutPorts = 1>
ST_1 : Operation 9 [1/1] (1.63ns)   --->   "%add_ln119 = add i11 %j_1, i11 1" [filter.cpp:119]   --->   Operation 9 'add' 'add_ln119' <Predicate = true> <Delay = 1.63> <CoreInst = "Adder">   --->   Core 1 'Adder' <Latency = 0> <II = 1> <Delay = 1.63> <FuncUnit> <Opcode : 'add' 'sub'> <InPorts = 2> <OutPorts = 1>
ST_1 : Operation 10 [1/1] (0.00ns)   --->   "%br_ln119 = br i1 %icmp_ln119, void %VITIS_LOOP_121_3.2.split, void %VITIS_LOOP_138_7.exitStub" [filter.cpp:119]   --->   Operation 10 'br' 'br_ln119' <Predicate = true> <Delay = 0.00>
ST_1 : Operation 11 [1/1] (0.00ns)   --->   "%zext_ln119 = zext i11 %j_1" [filter.cpp:119]   --->   Operation 11 'zext' 'zext_ln119' <Predicate = (!icmp_ln119)> <Delay = 0.00>
ST_1 : Operation 12 [1/1] (0.00ns)   --->   "%specpipeline_ln120 = specpipeline void @_ssdm_op_SpecPipeline, i32 4294967295, i32 0, i32 0, i32 0, void @empty_3" [filter.cpp:120]   --->   Operation 12 'specpipeline' 'specpipeline_ln120' <Predicate = (!icmp_ln119)> <Delay = 0.00>
ST_1 : Operation 13 [1/1] (0.00ns)   --->   "%speclooptripcount_ln119 = speclooptripcount void @_ssdm_op_SpecLoopTripCount, i64 1920, i64 1920, i64 1920" [filter.cpp:119]   --->   Operation 13 'speclooptripcount' 'speclooptripcount_ln119' <Predicate = (!icmp_ln119)> <Delay = 0.00>
ST_1 : Operation 14 [1/1] (0.00ns)   --->   "%specloopname_ln119 = specloopname void @_ssdm_op_SpecLoopName, void @empty_15" [filter.cpp:119]   --->   Operation 14 'specloopname' 'specloopname_ln119' <Predicate = (!icmp_ln119)> <Delay = 0.00>
ST_1 : Operation 15 [1/1] (0.00ns)   --->   "%line_buffer_6_addr = getelementptr i8 %line_buffer_6, i64 0, i64 %zext_ln119" [filter.cpp:123]   --->   Operation 15 'getelementptr' 'line_buffer_6_addr' <Predicate = (!icmp_ln119)> <Delay = 0.00>
ST_1 : Operation 16 [1/1] (0.00ns)   --->   "%line_buffer_7_addr = getelementptr i8 %line_buffer_7, i64 0, i64 %zext_ln119" [filter.cpp:123]   --->   Operation 16 'getelementptr' 'line_buffer_7_addr' <Predicate = (!icmp_ln119)> <Delay = 0.00>
ST_1 : Operation 17 [1/1] (0.00ns)   --->   "%line_buffer_8_addr = getelementptr i8 %line_buffer_8, i64 0, i64 %zext_ln119" [filter.cpp:123]   --->   Operation 17 'getelementptr' 'line_buffer_8_addr' <Predicate = (!icmp_ln119)> <Delay = 0.00>
ST_1 : Operation 18 [1/1] ( I:3.25ns O:3.25ns )   --->   "%store_ln123 = store i8 0, i11 %line_buffer_6_addr" [filter.cpp:123]   --->   Operation 18 'store' 'store_ln123' <Predicate = (!icmp_ln119)> <Delay = 3.25> <CoreInst = "RAM_1WnR">   --->   Core 82 'RAM_1WnR' <Latency = 1> <II = 1> <Delay = 3.25> <Storage> <Opcode : 'load' 'store'> <Ports = 17> <Width = 8> <Depth = 1920> <RAM>
ST_1 : Operation 19 [1/1] ( I:3.25ns O:3.25ns )   --->   "%store_ln123 = store i8 0, i11 %line_buffer_7_addr" [filter.cpp:123]   --->   Operation 19 'store' 'store_ln123' <Predicate = (!icmp_ln119)> <Delay = 3.25> <CoreInst = "RAM_1WnR">   --->   Core 82 'RAM_1WnR' <Latency = 1> <II = 1> <Delay = 3.25> <Storage> <Opcode : 'load' 'store'> <Ports = 17> <Width = 8> <Depth = 1920> <RAM>
ST_1 : Operation 20 [1/1] ( I:3.25ns O:3.25ns )   --->   "%store_ln123 = store i8 0, i11 %line_buffer_8_addr" [filter.cpp:123]   --->   Operation 20 'store' 'store_ln123' <Predicate = (!icmp_ln119)> <Delay = 3.25> <CoreInst = "RAM_1WnR">   --->   Core 82 'RAM_1WnR' <Latency = 1> <II = 1> <Delay = 3.25> <Storage> <Opcode : 'load' 'store'> <Ports = 17> <Width = 8> <Depth = 1920> <RAM>
ST_1 : Operation 21 [1/1] (1.58ns)   --->   "%store_ln119 = store i11 %add_ln119, i11 %j" [filter.cpp:119]   --->   Operation 21 'store' 'store_ln119' <Predicate = (!icmp_ln119)> <Delay = 1.58>
ST_1 : Operation 22 [1/1] (0.00ns)   --->   "%br_ln119 = br void %VITIS_LOOP_121_3.2" [filter.cpp:119]   --->   Operation 22 'br' 'br_ln119' <Predicate = (!icmp_ln119)> <Delay = 0.00>
ST_1 : Operation 23 [1/1] (1.58ns)   --->   "%ret_ln0 = ret"   --->   Operation 23 'ret' 'ret_ln0' <Predicate = (icmp_ln119)> <Delay = 1.58>


============================================================
+ Verbose Summary: Binding
============================================================
STG Binding: 
---------------- STG Properties BEGIN ----------------
- Is combinational: 0
- Is one-state seq: 0
- Is datapath-only: 0
- Is pipelined: 0
- Is top level: 0
Port [ Return ] is wired: 1; IO mode=ap_ctrl_hs:ce=0
Port [ line_buffer_8]:  wired=1; compound=1; hidden=0; nouse=0; global=0; static=0; extern=0; dir=1; type=1; pingpong=0; private_global=0; MemPort=[03333333333333333]; IO mode=ap_memory:ce=0
Port [ line_buffer_7]:  wired=1; compound=1; hidden=0; nouse=0; global=0; static=0; extern=0; dir=1; type=1; pingpong=0; private_global=0; MemPort=[03333333333333333]; IO mode=ap_memory:ce=0
Port [ line_buffer_6]:  wired=1; compound=1; hidden=0; nouse=0; global=0; static=0; extern=0; dir=1; type=1; pingpong=0; private_global=0; MemPort=[03333333333333333]; IO mode=ap_memory:ce=0
---------------- STG Properties END ------------------

---------------- Datapath Model BEGIN ----------------

<LifeTime>
<method=bitvector/>
j                       (alloca           ) [ 01]
store_ln119             (store            ) [ 00]
br_ln0                  (br               ) [ 00]
j_1                     (load             ) [ 00]
icmp_ln119              (icmp             ) [ 01]
add_ln119               (add              ) [ 00]
br_ln119                (br               ) [ 00]
zext_ln119              (zext             ) [ 00]
specpipeline_ln120      (specpipeline     ) [ 00]
speclooptripcount_ln119 (speclooptripcount) [ 00]
specloopname_ln119      (specloopname     ) [ 00]
line_buffer_6_addr      (getelementptr    ) [ 00]
line_buffer_7_addr      (getelementptr    ) [ 00]
line_buffer_8_addr      (getelementptr    ) [ 00]
store_ln123             (store            ) [ 00]
store_ln123             (store            ) [ 00]
store_ln123             (store            ) [ 00]
store_ln119             (store            ) [ 00]
br_ln119                (br               ) [ 00]
ret_ln0                 (ret              ) [ 00]
</LifeTime>

<model>

<comp_list>
<comp id="0" class="1000" name="line_buffer_8">
<pin_list>
<pin id="1" dir="1" index="0" bw="1" slack="0"/>
</pin_list>
<bind>
<StgValue><ssdm name="line_buffer_8"/><MemPortTyVec>0 3 3 3 3 3 3 3 3 3 3 3 3 3 3 3 3 </MemPortTyVec>
</StgValue>
</bind>
</comp>

<comp id="2" class="1000" name="line_buffer_7">
<pin_list>
<pin id="3" dir="1" index="0" bw="1" slack="0"/>
</pin_list>
<bind>
<StgValue><ssdm name="line_buffer_7"/><MemPortTyVec>0 3 3 3 3 3 3 3 3 3 3 3 3 3 3 3 3 </MemPortTyVec>
</StgValue>
</bind>
</comp>

<comp id="4" class="1000" name="line_buffer_6">
<pin_list>
<pin id="5" dir="1" index="0" bw="1" slack="0"/>
</pin_list>
<bind>
<StgValue><ssdm name="line_buffer_6"/><MemPortTyVec>0 3 3 3 3 3 3 3 3 3 3 3 3 3 3 3 3 </MemPortTyVec>
</StgValue>
</bind>
</comp>

<comp id="6" class="1001" name="const_6">
<pin_list>
<pin id="7" dir="1" index="0" bw="1" slack="0"/>
</pin_list>
<bind>
<StgValue><ssdm name=""/></StgValue>
</bind>
</comp>

<comp id="8" class="1001" name="const_8">
<pin_list>
<pin id="9" dir="1" index="0" bw="1" slack="0"/>
</pin_list>
<bind>
<StgValue><ssdm name=""/></StgValue>
</bind>
</comp>

<comp id="10" class="1001" name="const_10">
<pin_list>
<pin id="11" dir="1" index="0" bw="1" slack="0"/>
</pin_list>
<bind>
<StgValue><ssdm name=""/></StgValue>
</bind>
</comp>

<comp id="12" class="1001" name="const_12">
<pin_list>
<pin id="13" dir="1" index="0" bw="1" slack="0"/>
</pin_list>
<bind>
<StgValue><ssdm name=""/></StgValue>
</bind>
</comp>

<comp id="14" class="1001" name="const_14">
<pin_list>
<pin id="15" dir="1" index="0" bw="1" slack="2147483647"/>
</pin_list>
<bind>
<StgValue><ssdm name="_ssdm_op_SpecPipeline"/></StgValue>
</bind>
</comp>

<comp id="16" class="1001" name="const_16">
<pin_list>
<pin id="17" dir="1" index="0" bw="1" slack="2147483647"/>
</pin_list>
<bind>
<StgValue><ssdm name=""/></StgValue>
</bind>
</comp>

<comp id="18" class="1001" name="const_18">
<pin_list>
<pin id="19" dir="1" index="0" bw="1" slack="2147483647"/>
</pin_list>
<bind>
<StgValue><ssdm name=""/></StgValue>
</bind>
</comp>

<comp id="20" class="1001" name="const_20">
<pin_list>
<pin id="21" dir="1" index="0" bw="1" slack="2147483647"/>
</pin_list>
<bind>
<StgValue><ssdm name="empty_3"/></StgValue>
</bind>
</comp>

<comp id="22" class="1001" name="const_22">
<pin_list>
<pin id="23" dir="1" index="0" bw="1" slack="2147483647"/>
</pin_list>
<bind>
<StgValue><ssdm name="_ssdm_op_SpecLoopTripCount"/></StgValue>
</bind>
</comp>

<comp id="24" class="1001" name="const_24">
<pin_list>
<pin id="25" dir="1" index="0" bw="1" slack="2147483647"/>
</pin_list>
<bind>
<StgValue><ssdm name=""/></StgValue>
</bind>
</comp>

<comp id="26" class="1001" name="const_26">
<pin_list>
<pin id="27" dir="1" index="0" bw="1" slack="2147483647"/>
</pin_list>
<bind>
<StgValue><ssdm name="_ssdm_op_SpecLoopName"/></StgValue>
</bind>
</comp>

<comp id="28" class="1001" name="const_28">
<pin_list>
<pin id="29" dir="1" index="0" bw="1" slack="2147483647"/>
</pin_list>
<bind>
<StgValue><ssdm name="empty_15"/></StgValue>
</bind>
</comp>

<comp id="30" class="1001" name="const_30">
<pin_list>
<pin id="31" dir="1" index="0" bw="1" slack="0"/>
</pin_list>
<bind>
<StgValue><ssdm name=""/></StgValue>
</bind>
</comp>

<comp id="32" class="1001" name="const_32">
<pin_list>
<pin id="33" dir="1" index="0" bw="1" slack="0"/>
</pin_list>
<bind>
<StgValue><ssdm name=""/></StgValue>
</bind>
</comp>

<comp id="34" class="1004" name="j_fu_34">
<pin_list>
<pin id="35" dir="0" index="0" bw="1" slack="0"/>
<pin id="36" dir="1" index="1" bw="11" slack="0"/>
</pin_list>
<bind>
<opcode="alloca(26) " fcode="alloca"/>
<opset="j/1 "/>
</bind>
</comp>

<comp id="38" class="1004" name="line_buffer_6_addr_gep_fu_38">
<pin_list>
<pin id="39" dir="0" index="0" bw="8" slack="0"/>
<pin id="40" dir="0" index="1" bw="1" slack="0"/>
<pin id="41" dir="0" index="2" bw="11" slack="0"/>
<pin id="42" dir="1" index="3" bw="11" slack="0"/>
</pin_list>
<bind>
<opcode="getelementptr(29) " fcode="getelementptr"/>
<opset="line_buffer_6_addr/1 "/>
</bind>
</comp>

<comp id="45" class="1004" name="line_buffer_7_addr_gep_fu_45">
<pin_list>
<pin id="46" dir="0" index="0" bw="8" slack="0"/>
<pin id="47" dir="0" index="1" bw="1" slack="0"/>
<pin id="48" dir="0" index="2" bw="11" slack="0"/>
<pin id="49" dir="1" index="3" bw="11" slack="0"/>
</pin_list>
<bind>
<opcode="getelementptr(29) " fcode="getelementptr"/>
<opset="line_buffer_7_addr/1 "/>
</bind>
</comp>

<comp id="52" class="1004" name="line_buffer_8_addr_gep_fu_52">
<pin_list>
<pin id="53" dir="0" index="0" bw="8" slack="0"/>
<pin id="54" dir="0" index="1" bw="1" slack="0"/>
<pin id="55" dir="0" index="2" bw="11" slack="0"/>
<pin id="56" dir="1" index="3" bw="11" slack="0"/>
</pin_list>
<bind>
<opcode="getelementptr(29) " fcode="getelementptr"/>
<opset="line_buffer_8_addr/1 "/>
</bind>
</comp>

<comp id="59" class="1004" name="store_ln123_access_fu_59">
<pin_list>
<pin id="60" dir="0" index="0" bw="11" slack="0"/>
<pin id="61" dir="0" index="1" bw="8" slack="0"/>
<pin id="62" dir="0" index="2" bw="0" slack="2147483647"/>
<pin id="63" dir="1" index="3" bw="8" slack="2147483647"/>
</pin_list>
<bind>
<opcode="store(28) " fcode="store"/>
<opset="store_ln123/1 "/>
</bind>
</comp>

<comp id="66" class="1004" name="store_ln123_access_fu_66">
<pin_list>
<pin id="67" dir="0" index="0" bw="11" slack="0"/>
<pin id="68" dir="0" index="1" bw="8" slack="0"/>
<pin id="69" dir="0" index="2" bw="0" slack="2147483647"/>
<pin id="70" dir="1" index="3" bw="8" slack="2147483647"/>
</pin_list>
<bind>
<opcode="store(28) " fcode="store"/>
<opset="store_ln123/1 "/>
</bind>
</comp>

<comp id="73" class="1004" name="store_ln123_access_fu_73">
<pin_list>
<pin id="74" dir="0" index="0" bw="11" slack="0"/>
<pin id="75" dir="0" index="1" bw="8" slack="0"/>
<pin id="76" dir="0" index="2" bw="0" slack="2147483647"/>
<pin id="77" dir="1" index="3" bw="8" slack="2147483647"/>
</pin_list>
<bind>
<opcode="store(28) " fcode="store"/>
<opset="store_ln123/1 "/>
</bind>
</comp>

<comp id="80" class="1004" name="store_ln119_store_fu_80">
<pin_list>
<pin id="81" dir="0" index="0" bw="1" slack="0"/>
<pin id="82" dir="0" index="1" bw="11" slack="0"/>
<pin id="83" dir="1" index="2" bw="0" slack="2147483647"/>
</pin_list>
<bind>
<opcode="store(28) " fcode="store"/>
<opset="store_ln119/1 "/>
</bind>
</comp>

<comp id="85" class="1004" name="j_1_load_fu_85">
<pin_list>
<pin id="86" dir="0" index="0" bw="11" slack="0"/>
<pin id="87" dir="1" index="1" bw="11" slack="0"/>
</pin_list>
<bind>
<opcode="load(27) " fcode="load"/>
<opset="j_1/1 "/>
</bind>
</comp>

<comp id="88" class="1004" name="icmp_ln119_fu_88">
<pin_list>
<pin id="89" dir="0" index="0" bw="11" slack="0"/>
<pin id="90" dir="0" index="1" bw="8" slack="0"/>
<pin id="91" dir="1" index="2" bw="1" slack="2147483647"/>
</pin_list>
<bind>
<opcode="icmp(45) " fcode="icmp"/>
<opset="icmp_ln119/1 "/>
</bind>
</comp>

<comp id="94" class="1004" name="add_ln119_fu_94">
<pin_list>
<pin id="95" dir="0" index="0" bw="11" slack="0"/>
<pin id="96" dir="0" index="1" bw="1" slack="0"/>
<pin id="97" dir="1" index="2" bw="11" slack="0"/>
</pin_list>
<bind>
<opcode="add(8) " fcode="add"/>
<opset="add_ln119/1 "/>
</bind>
</comp>

<comp id="100" class="1004" name="zext_ln119_fu_100">
<pin_list>
<pin id="101" dir="0" index="0" bw="11" slack="0"/>
<pin id="102" dir="1" index="1" bw="64" slack="0"/>
</pin_list>
<bind>
<opcode="zext(34) " fcode="zext"/>
<opset="zext_ln119/1 "/>
</bind>
</comp>

<comp id="107" class="1004" name="store_ln119_store_fu_107">
<pin_list>
<pin id="108" dir="0" index="0" bw="11" slack="0"/>
<pin id="109" dir="0" index="1" bw="11" slack="0"/>
<pin id="110" dir="1" index="2" bw="0" slack="2147483647"/>
</pin_list>
<bind>
<opcode="store(28) " fcode="store"/>
<opset="store_ln119/1 "/>
</bind>
</comp>

<comp id="112" class="1005" name="j_reg_112">
<pin_list>
<pin id="113" dir="0" index="0" bw="11" slack="0"/>
<pin id="114" dir="1" index="1" bw="11" slack="0"/>
</pin_list>
<bind>
<opset="j "/>
</bind>
</comp>

</comp_list>

<net_list>
<net id="37"><net_src comp="6" pin="0"/><net_sink comp="34" pin=0"/></net>

<net id="43"><net_src comp="4" pin="0"/><net_sink comp="38" pin=0"/></net>

<net id="44"><net_src comp="30" pin="0"/><net_sink comp="38" pin=1"/></net>

<net id="50"><net_src comp="2" pin="0"/><net_sink comp="45" pin=0"/></net>

<net id="51"><net_src comp="30" pin="0"/><net_sink comp="45" pin=1"/></net>

<net id="57"><net_src comp="0" pin="0"/><net_sink comp="52" pin=0"/></net>

<net id="58"><net_src comp="30" pin="0"/><net_sink comp="52" pin=1"/></net>

<net id="64"><net_src comp="32" pin="0"/><net_sink comp="59" pin=1"/></net>

<net id="65"><net_src comp="38" pin="3"/><net_sink comp="59" pin=0"/></net>

<net id="71"><net_src comp="32" pin="0"/><net_sink comp="66" pin=1"/></net>

<net id="72"><net_src comp="45" pin="3"/><net_sink comp="66" pin=0"/></net>

<net id="78"><net_src comp="32" pin="0"/><net_sink comp="73" pin=1"/></net>

<net id="79"><net_src comp="52" pin="3"/><net_sink comp="73" pin=0"/></net>

<net id="84"><net_src comp="8" pin="0"/><net_sink comp="80" pin=0"/></net>

<net id="92"><net_src comp="85" pin="1"/><net_sink comp="88" pin=0"/></net>

<net id="93"><net_src comp="10" pin="0"/><net_sink comp="88" pin=1"/></net>

<net id="98"><net_src comp="85" pin="1"/><net_sink comp="94" pin=0"/></net>

<net id="99"><net_src comp="12" pin="0"/><net_sink comp="94" pin=1"/></net>

<net id="103"><net_src comp="85" pin="1"/><net_sink comp="100" pin=0"/></net>

<net id="104"><net_src comp="100" pin="1"/><net_sink comp="38" pin=2"/></net>

<net id="105"><net_src comp="100" pin="1"/><net_sink comp="45" pin=2"/></net>

<net id="106"><net_src comp="100" pin="1"/><net_sink comp="52" pin=2"/></net>

<net id="111"><net_src comp="94" pin="2"/><net_sink comp="107" pin=0"/></net>

<net id="115"><net_src comp="34" pin="1"/><net_sink comp="112" pin=0"/></net>

<net id="116"><net_src comp="112" pin="1"/><net_sink comp="80" pin=1"/></net>

<net id="117"><net_src comp="112" pin="1"/><net_sink comp="85" pin=0"/></net>

<net id="118"><net_src comp="112" pin="1"/><net_sink comp="107" pin=1"/></net>

</net_list>

</model> 
---------------- Datapath Model END ------------------

* FSMD analyzer results:
  - Output states:
	Port: line_buffer_8 | {1 }
	Port: line_buffer_7 | {1 }
	Port: line_buffer_6 | {1 }
 - Input state : 
  - Chain level:
	State 1
		store_ln119 : 1
		j_1 : 1
		icmp_ln119 : 2
		add_ln119 : 2
		br_ln119 : 3
		zext_ln119 : 2
		line_buffer_6_addr : 3
		line_buffer_7_addr : 3
		line_buffer_8_addr : 3
		store_ln123 : 4
		store_ln123 : 4
		store_ln123 : 4
		store_ln119 : 3


============================================================
+ Verbose Summary: Datapath Resource usage 
============================================================

* Functional unit list:
|----------|-------------------|---------|---------|
| Operation|  Functional Unit  |    FF   |   LUT   |
|----------|-------------------|---------|---------|
|   icmp   |  icmp_ln119_fu_88 |    0    |    12   |
|----------|-------------------|---------|---------|
|    add   |  add_ln119_fu_94  |    0    |    12   |
|----------|-------------------|---------|---------|
|   zext   | zext_ln119_fu_100 |    0    |    0    |
|----------|-------------------|---------|---------|
|   Total  |                   |    0    |    24   |
|----------|-------------------|---------|---------|

Memories:
N/A

* Register list:
+---------+--------+
|         |   FF   |
+---------+--------+
|j_reg_112|   11   |
+---------+--------+
|  Total  |   11   |
+---------+--------+

* Multiplexer (MUX) list: 
|--------|------|------|------|--------|
|  Comp  |  Pin | Size |  BW  | S x BW |
|--------|------|------|------|--------|
|  Total |      |      |      |    0   |
|--------|------|------|------|--------|



* Summary:
+-----------+--------+--------+
|           |   FF   |   LUT  |
+-----------+--------+--------+
|  Function |    0   |   24   |
|   Memory  |    -   |    -   |
|Multiplexer|    -   |    -   |
|  Register |   11   |    -   |
+-----------+--------+--------+
|   Total   |   11   |   24   |
+-----------+--------+--------+
