Copyright 1986-2022 Xilinx, Inc. All Rights Reserved. Copyright 2022-2024 Advanced Micro Devices, Inc. All Rights Reserved.
---------------------------------------------------------------------------------------------------------------------------------------------
| Tool Version : Vivado v.2024.2 (win64) Build 5239630 Fri Nov 08 22:35:27 MST 2024
| Date         : Thu Mar  6 03:32:12 2025
| Host         : LAPTOP-D6BOEUU6 running 64-bit major release  (build 9200)
| Command      : report_drc -file grayscale_wrapper_drc_routed.rpt -pb grayscale_wrapper_drc_routed.pb -rpx grayscale_wrapper_drc_routed.rpx
| Design       : grayscale_wrapper
| Device       : xc7z020clg400-1
| Speed File   : -1
| Design State : Fully Routed
---------------------------------------------------------------------------------------------------------------------------------------------

Report DRC

Table of Contents
-----------------
1. REPORT SUMMARY
2. REPORT DETAILS

1. REPORT SUMMARY
-----------------
            Netlist: netlist
          Floorplan: design_1
      Design limits: <entire design considered>
           Ruledeck: default
             Max checks: <unlimited>
             Checks found: 71
+-----------+----------+-------------------------------------------------------------------+--------+
| Rule      | Severity | Description                                                       | Checks |
+-----------+----------+-------------------------------------------------------------------+--------+
| DPIP-1    | Warning  | Input pipelining                                                  | 14     |
| DPOP-1    | Warning  | PREG Output pipelining                                            | 16     |
| DPOP-2    | Warning  | MREG Output pipelining                                            | 9      |
| PDCN-1569 | Warning  | LUT equation term check                                           | 3      |
| PDRC-132  | Warning  | SLICE_PairEqSame_A6A5_WARN                                        | 1      |
| PDRC-134  | Warning  | SLICE_PairEqSame_B6B5_WARN                                        | 2      |
| PDRC-138  | Warning  | SLICE_PairEqSame_D6D5_WARN                                        | 1      |
| PDRC-140  | Warning  | SLICE_PairEqSame_A6A5_WARN                                        | 1      |
| PDRC-142  | Warning  | SLICE_PairEqSame_B6B5_WARN                                        | 1      |
| PDRC-144  | Warning  | SLICE_PairEqSame_C6C5_WARN                                        | 1      |
| PDRC-146  | Warning  | SLICE_PairEqSame_D6D5_WARN                                        | 3      |
| RTSTAT-10 | Warning  | No routable loads                                                 | 1      |
| AVAL-4    | Advisory | enum_USE_DPORT_FALSE_enum_DREG_ADREG_0_connects_CED_CEAD_RSTD_GND | 11     |
| AVAL-5    | Advisory | enum_USE_MULT_NONE_enum_DREG_ADREG_0_connects_CED_CEAD_RSTD_GND   | 3      |
| REQP-181  | Advisory | writefirst                                                        | 2      |
| REQP-1725 | Advisory | DSP_Abus_sign_bit_alert                                           | 2      |
+-----------+----------+-------------------------------------------------------------------+--------+

2. REPORT DETAILS
-----------------
DPIP-1#1 Warning
Input pipelining  
DSP grayscale_i/grayscale_kernel_0/inst/grp_grayscale_kernel_Pipeline_VITIS_LOOP_38_1_VITIS_LOOP_39_2_fu_76/fadd_32ns_32ns_32_5_full_dsp_1_U1/grayscale_kernel_fadd_32ns_32ns_32_5_full_dsp_1_ip_u/inst/i_synth/ADDSUB_OP.ADDSUB/DSP.OP/DSP48E1_BODY.ALIGN_ADD/DSP2/i_no_versal_es1_workaround.DSP input grayscale_i/grayscale_kernel_0/inst/grp_grayscale_kernel_Pipeline_VITIS_LOOP_38_1_VITIS_LOOP_39_2_fu_76/fadd_32ns_32ns_32_5_full_dsp_1_U1/grayscale_kernel_fadd_32ns_32ns_32_5_full_dsp_1_ip_u/inst/i_synth/ADDSUB_OP.ADDSUB/DSP.OP/DSP48E1_BODY.ALIGN_ADD/DSP2/i_no_versal_es1_workaround.DSP/A[29:0] is not pipelined. Pipelining DSP48 input will improve performance.
Related violations: <none>

DPIP-1#2 Warning
Input pipelining  
DSP grayscale_i/grayscale_kernel_0/inst/grp_grayscale_kernel_Pipeline_VITIS_LOOP_38_1_VITIS_LOOP_39_2_fu_76/fadd_32ns_32ns_32_5_full_dsp_1_U1/grayscale_kernel_fadd_32ns_32ns_32_5_full_dsp_1_ip_u/inst/i_synth/ADDSUB_OP.ADDSUB/DSP.OP/DSP48E1_BODY.ALIGN_ADD/DSP2/i_no_versal_es1_workaround.DSP input grayscale_i/grayscale_kernel_0/inst/grp_grayscale_kernel_Pipeline_VITIS_LOOP_38_1_VITIS_LOOP_39_2_fu_76/fadd_32ns_32ns_32_5_full_dsp_1_U1/grayscale_kernel_fadd_32ns_32ns_32_5_full_dsp_1_ip_u/inst/i_synth/ADDSUB_OP.ADDSUB/DSP.OP/DSP48E1_BODY.ALIGN_ADD/DSP2/i_no_versal_es1_workaround.DSP/B[17:0] is not pipelined. Pipelining DSP48 input will improve performance.
Related violations: <none>

DPIP-1#3 Warning
Input pipelining  
DSP grayscale_i/grayscale_kernel_0/inst/grp_grayscale_kernel_Pipeline_VITIS_LOOP_38_1_VITIS_LOOP_39_2_fu_76/fadd_32ns_32ns_32_5_full_dsp_1_U1/grayscale_kernel_fadd_32ns_32ns_32_5_full_dsp_1_ip_u/inst/i_synth/ADDSUB_OP.ADDSUB/DSP.OP/DSP48E1_BODY.ALIGN_ADD/DSP2/i_no_versal_es1_workaround.DSP input grayscale_i/grayscale_kernel_0/inst/grp_grayscale_kernel_Pipeline_VITIS_LOOP_38_1_VITIS_LOOP_39_2_fu_76/fadd_32ns_32ns_32_5_full_dsp_1_U1/grayscale_kernel_fadd_32ns_32ns_32_5_full_dsp_1_ip_u/inst/i_synth/ADDSUB_OP.ADDSUB/DSP.OP/DSP48E1_BODY.ALIGN_ADD/DSP2/i_no_versal_es1_workaround.DSP/C[47:0] is not pipelined. Pipelining DSP48 input will improve performance.
Related violations: <none>

DPIP-1#4 Warning
Input pipelining  
DSP grayscale_i/grayscale_kernel_0/inst/grp_grayscale_kernel_Pipeline_VITIS_LOOP_38_1_VITIS_LOOP_39_2_fu_76/fadd_32ns_32ns_32_5_full_dsp_1_U1/grayscale_kernel_fadd_32ns_32ns_32_5_full_dsp_1_ip_u/inst/i_synth/ADDSUB_OP.ADDSUB/DSP.OP/DSP48E1_BODY.NORM_RND/FULL_USAGE_DSP.SHIFT_RND/i_no_versal_es1_workaround.DSP input grayscale_i/grayscale_kernel_0/inst/grp_grayscale_kernel_Pipeline_VITIS_LOOP_38_1_VITIS_LOOP_39_2_fu_76/fadd_32ns_32ns_32_5_full_dsp_1_U1/grayscale_kernel_fadd_32ns_32ns_32_5_full_dsp_1_ip_u/inst/i_synth/ADDSUB_OP.ADDSUB/DSP.OP/DSP48E1_BODY.NORM_RND/FULL_USAGE_DSP.SHIFT_RND/i_no_versal_es1_workaround.DSP/C[47:0] is not pipelined. Pipelining DSP48 input will improve performance.
Related violations: <none>

DPIP-1#5 Warning
Input pipelining  
DSP grayscale_i/grayscale_kernel_0/inst/grp_grayscale_kernel_Pipeline_VITIS_LOOP_38_1_VITIS_LOOP_39_2_fu_76/fadd_32ns_32ns_32_5_full_dsp_1_U2/grayscale_kernel_fadd_32ns_32ns_32_5_full_dsp_1_ip_u/inst/i_synth/ADDSUB_OP.ADDSUB/DSP.OP/DSP48E1_BODY.ALIGN_ADD/DSP2/i_no_versal_es1_workaround.DSP input grayscale_i/grayscale_kernel_0/inst/grp_grayscale_kernel_Pipeline_VITIS_LOOP_38_1_VITIS_LOOP_39_2_fu_76/fadd_32ns_32ns_32_5_full_dsp_1_U2/grayscale_kernel_fadd_32ns_32ns_32_5_full_dsp_1_ip_u/inst/i_synth/ADDSUB_OP.ADDSUB/DSP.OP/DSP48E1_BODY.ALIGN_ADD/DSP2/i_no_versal_es1_workaround.DSP/A[29:0] is not pipelined. Pipelining DSP48 input will improve performance.
Related violations: <none>

DPIP-1#6 Warning
Input pipelining  
DSP grayscale_i/grayscale_kernel_0/inst/grp_grayscale_kernel_Pipeline_VITIS_LOOP_38_1_VITIS_LOOP_39_2_fu_76/fadd_32ns_32ns_32_5_full_dsp_1_U2/grayscale_kernel_fadd_32ns_32ns_32_5_full_dsp_1_ip_u/inst/i_synth/ADDSUB_OP.ADDSUB/DSP.OP/DSP48E1_BODY.ALIGN_ADD/DSP2/i_no_versal_es1_workaround.DSP input grayscale_i/grayscale_kernel_0/inst/grp_grayscale_kernel_Pipeline_VITIS_LOOP_38_1_VITIS_LOOP_39_2_fu_76/fadd_32ns_32ns_32_5_full_dsp_1_U2/grayscale_kernel_fadd_32ns_32ns_32_5_full_dsp_1_ip_u/inst/i_synth/ADDSUB_OP.ADDSUB/DSP.OP/DSP48E1_BODY.ALIGN_ADD/DSP2/i_no_versal_es1_workaround.DSP/B[17:0] is not pipelined. Pipelining DSP48 input will improve performance.
Related violations: <none>

DPIP-1#7 Warning
Input pipelining  
DSP grayscale_i/grayscale_kernel_0/inst/grp_grayscale_kernel_Pipeline_VITIS_LOOP_38_1_VITIS_LOOP_39_2_fu_76/fadd_32ns_32ns_32_5_full_dsp_1_U2/grayscale_kernel_fadd_32ns_32ns_32_5_full_dsp_1_ip_u/inst/i_synth/ADDSUB_OP.ADDSUB/DSP.OP/DSP48E1_BODY.ALIGN_ADD/DSP2/i_no_versal_es1_workaround.DSP input grayscale_i/grayscale_kernel_0/inst/grp_grayscale_kernel_Pipeline_VITIS_LOOP_38_1_VITIS_LOOP_39_2_fu_76/fadd_32ns_32ns_32_5_full_dsp_1_U2/grayscale_kernel_fadd_32ns_32ns_32_5_full_dsp_1_ip_u/inst/i_synth/ADDSUB_OP.ADDSUB/DSP.OP/DSP48E1_BODY.ALIGN_ADD/DSP2/i_no_versal_es1_workaround.DSP/C[47:0] is not pipelined. Pipelining DSP48 input will improve performance.
Related violations: <none>

DPIP-1#8 Warning
Input pipelining  
DSP grayscale_i/grayscale_kernel_0/inst/grp_grayscale_kernel_Pipeline_VITIS_LOOP_38_1_VITIS_LOOP_39_2_fu_76/fadd_32ns_32ns_32_5_full_dsp_1_U2/grayscale_kernel_fadd_32ns_32ns_32_5_full_dsp_1_ip_u/inst/i_synth/ADDSUB_OP.ADDSUB/DSP.OP/DSP48E1_BODY.NORM_RND/FULL_USAGE_DSP.SHIFT_RND/i_no_versal_es1_workaround.DSP input grayscale_i/grayscale_kernel_0/inst/grp_grayscale_kernel_Pipeline_VITIS_LOOP_38_1_VITIS_LOOP_39_2_fu_76/fadd_32ns_32ns_32_5_full_dsp_1_U2/grayscale_kernel_fadd_32ns_32ns_32_5_full_dsp_1_ip_u/inst/i_synth/ADDSUB_OP.ADDSUB/DSP.OP/DSP48E1_BODY.NORM_RND/FULL_USAGE_DSP.SHIFT_RND/i_no_versal_es1_workaround.DSP/C[47:0] is not pipelined. Pipelining DSP48 input will improve performance.
Related violations: <none>

DPIP-1#9 Warning
Input pipelining  
DSP grayscale_i/grayscale_kernel_0/inst/grp_grayscale_kernel_Pipeline_VITIS_LOOP_38_1_VITIS_LOOP_39_2_fu_76/fmul_32ns_32ns_32_4_max_dsp_1_U3/grayscale_kernel_fmul_32ns_32ns_32_4_max_dsp_1_ip_u/inst/i_synth/MULT.OP/i_non_prim.MULT/DSP48E1_SPD_SGL_VARIANT.FIX_MULT/DSP1/i_no_versal_es1_workaround.DSP input grayscale_i/grayscale_kernel_0/inst/grp_grayscale_kernel_Pipeline_VITIS_LOOP_38_1_VITIS_LOOP_39_2_fu_76/fmul_32ns_32ns_32_4_max_dsp_1_U3/grayscale_kernel_fmul_32ns_32ns_32_4_max_dsp_1_ip_u/inst/i_synth/MULT.OP/i_non_prim.MULT/DSP48E1_SPD_SGL_VARIANT.FIX_MULT/DSP1/i_no_versal_es1_workaround.DSP/A[29:0] is not pipelined. Pipelining DSP48 input will improve performance.
Related violations: <none>

DPIP-1#10 Warning
Input pipelining  
DSP grayscale_i/grayscale_kernel_0/inst/grp_grayscale_kernel_Pipeline_VITIS_LOOP_38_1_VITIS_LOOP_39_2_fu_76/fmul_32ns_32ns_32_4_max_dsp_1_U3/grayscale_kernel_fmul_32ns_32ns_32_4_max_dsp_1_ip_u/inst/i_synth/MULT.OP/i_non_prim.R_AND_R/LAT_OPT.FULL.R_AND_R/DSP48E1_SGL_EXP_IP.OLD_ADD.ADD/i_no_versal_es1_workaround.DSP input grayscale_i/grayscale_kernel_0/inst/grp_grayscale_kernel_Pipeline_VITIS_LOOP_38_1_VITIS_LOOP_39_2_fu_76/fmul_32ns_32ns_32_4_max_dsp_1_U3/grayscale_kernel_fmul_32ns_32ns_32_4_max_dsp_1_ip_u/inst/i_synth/MULT.OP/i_non_prim.R_AND_R/LAT_OPT.FULL.R_AND_R/DSP48E1_SGL_EXP_IP.OLD_ADD.ADD/i_no_versal_es1_workaround.DSP/C[47:0] is not pipelined. Pipelining DSP48 input will improve performance.
Related violations: <none>

DPIP-1#11 Warning
Input pipelining  
DSP grayscale_i/grayscale_kernel_0/inst/grp_grayscale_kernel_Pipeline_VITIS_LOOP_38_1_VITIS_LOOP_39_2_fu_76/fmul_32ns_32ns_32_4_max_dsp_1_U4/grayscale_kernel_fmul_32ns_32ns_32_4_max_dsp_1_ip_u/inst/i_synth/MULT.OP/i_non_prim.MULT/DSP48E1_SPD_SGL_VARIANT.FIX_MULT/DSP1/i_no_versal_es1_workaround.DSP input grayscale_i/grayscale_kernel_0/inst/grp_grayscale_kernel_Pipeline_VITIS_LOOP_38_1_VITIS_LOOP_39_2_fu_76/fmul_32ns_32ns_32_4_max_dsp_1_U4/grayscale_kernel_fmul_32ns_32ns_32_4_max_dsp_1_ip_u/inst/i_synth/MULT.OP/i_non_prim.MULT/DSP48E1_SPD_SGL_VARIANT.FIX_MULT/DSP1/i_no_versal_es1_workaround.DSP/A[29:0] is not pipelined. Pipelining DSP48 input will improve performance.
Related violations: <none>

DPIP-1#12 Warning
Input pipelining  
DSP grayscale_i/grayscale_kernel_0/inst/grp_grayscale_kernel_Pipeline_VITIS_LOOP_38_1_VITIS_LOOP_39_2_fu_76/fmul_32ns_32ns_32_4_max_dsp_1_U4/grayscale_kernel_fmul_32ns_32ns_32_4_max_dsp_1_ip_u/inst/i_synth/MULT.OP/i_non_prim.R_AND_R/LAT_OPT.FULL.R_AND_R/DSP48E1_SGL_EXP_IP.OLD_ADD.ADD/i_no_versal_es1_workaround.DSP input grayscale_i/grayscale_kernel_0/inst/grp_grayscale_kernel_Pipeline_VITIS_LOOP_38_1_VITIS_LOOP_39_2_fu_76/fmul_32ns_32ns_32_4_max_dsp_1_U4/grayscale_kernel_fmul_32ns_32ns_32_4_max_dsp_1_ip_u/inst/i_synth/MULT.OP/i_non_prim.R_AND_R/LAT_OPT.FULL.R_AND_R/DSP48E1_SGL_EXP_IP.OLD_ADD.ADD/i_no_versal_es1_workaround.DSP/C[47:0] is not pipelined. Pipelining DSP48 input will improve performance.
Related violations: <none>

DPIP-1#13 Warning
Input pipelining  
DSP grayscale_i/grayscale_kernel_0/inst/grp_grayscale_kernel_Pipeline_VITIS_LOOP_38_1_VITIS_LOOP_39_2_fu_76/fmul_32ns_32ns_32_4_max_dsp_1_U5/grayscale_kernel_fmul_32ns_32ns_32_4_max_dsp_1_ip_u/inst/i_synth/MULT.OP/i_non_prim.MULT/DSP48E1_SPD_SGL_VARIANT.FIX_MULT/DSP1/i_no_versal_es1_workaround.DSP input grayscale_i/grayscale_kernel_0/inst/grp_grayscale_kernel_Pipeline_VITIS_LOOP_38_1_VITIS_LOOP_39_2_fu_76/fmul_32ns_32ns_32_4_max_dsp_1_U5/grayscale_kernel_fmul_32ns_32ns_32_4_max_dsp_1_ip_u/inst/i_synth/MULT.OP/i_non_prim.MULT/DSP48E1_SPD_SGL_VARIANT.FIX_MULT/DSP1/i_no_versal_es1_workaround.DSP/A[29:0] is not pipelined. Pipelining DSP48 input will improve performance.
Related violations: <none>

DPIP-1#14 Warning
Input pipelining  
DSP grayscale_i/grayscale_kernel_0/inst/grp_grayscale_kernel_Pipeline_VITIS_LOOP_38_1_VITIS_LOOP_39_2_fu_76/fmul_32ns_32ns_32_4_max_dsp_1_U5/grayscale_kernel_fmul_32ns_32ns_32_4_max_dsp_1_ip_u/inst/i_synth/MULT.OP/i_non_prim.R_AND_R/LAT_OPT.FULL.R_AND_R/DSP48E1_SGL_EXP_IP.OLD_ADD.ADD/i_no_versal_es1_workaround.DSP input grayscale_i/grayscale_kernel_0/inst/grp_grayscale_kernel_Pipeline_VITIS_LOOP_38_1_VITIS_LOOP_39_2_fu_76/fmul_32ns_32ns_32_4_max_dsp_1_U5/grayscale_kernel_fmul_32ns_32ns_32_4_max_dsp_1_ip_u/inst/i_synth/MULT.OP/i_non_prim.R_AND_R/LAT_OPT.FULL.R_AND_R/DSP48E1_SGL_EXP_IP.OLD_ADD.ADD/i_no_versal_es1_workaround.DSP/C[47:0] is not pipelined. Pipelining DSP48 input will improve performance.
Related violations: <none>

DPOP-1#1 Warning
PREG Output pipelining  
DSP grayscale_i/grayscale_kernel_0/inst/grp_grayscale_kernel_Pipeline_VITIS_LOOP_38_1_VITIS_LOOP_39_2_fu_76/fadd_32ns_32ns_32_5_full_dsp_1_U1/grayscale_kernel_fadd_32ns_32ns_32_5_full_dsp_1_ip_u/inst/i_synth/ADDSUB_OP.ADDSUB/DSP.OP/DSP48E1_BODY.NORM_RND/FULL_USAGE_DSP.SHIFT_RND/i_no_versal_es1_workaround.DSP output grayscale_i/grayscale_kernel_0/inst/grp_grayscale_kernel_Pipeline_VITIS_LOOP_38_1_VITIS_LOOP_39_2_fu_76/fadd_32ns_32ns_32_5_full_dsp_1_U1/grayscale_kernel_fadd_32ns_32ns_32_5_full_dsp_1_ip_u/inst/i_synth/ADDSUB_OP.ADDSUB/DSP.OP/DSP48E1_BODY.NORM_RND/FULL_USAGE_DSP.SHIFT_RND/i_no_versal_es1_workaround.DSP/P[47:0] is not pipelined (PREG=0). Pipelining the DSP48 output will improve performance and often saves power so it is suggested whenever possible to fully pipeline this function.  If this DSP48 function was inferred, it is suggested to describe an additional register stage after this function.  If the DSP48 was instantiated in the design, it is suggested to set the PREG attribute to 1.
Related violations: <none>

DPOP-1#2 Warning
PREG Output pipelining  
DSP grayscale_i/grayscale_kernel_0/inst/grp_grayscale_kernel_Pipeline_VITIS_LOOP_38_1_VITIS_LOOP_39_2_fu_76/fadd_32ns_32ns_32_5_full_dsp_1_U2/grayscale_kernel_fadd_32ns_32ns_32_5_full_dsp_1_ip_u/inst/i_synth/ADDSUB_OP.ADDSUB/DSP.OP/DSP48E1_BODY.NORM_RND/FULL_USAGE_DSP.SHIFT_RND/i_no_versal_es1_workaround.DSP output grayscale_i/grayscale_kernel_0/inst/grp_grayscale_kernel_Pipeline_VITIS_LOOP_38_1_VITIS_LOOP_39_2_fu_76/fadd_32ns_32ns_32_5_full_dsp_1_U2/grayscale_kernel_fadd_32ns_32ns_32_5_full_dsp_1_ip_u/inst/i_synth/ADDSUB_OP.ADDSUB/DSP.OP/DSP48E1_BODY.NORM_RND/FULL_USAGE_DSP.SHIFT_RND/i_no_versal_es1_workaround.DSP/P[47:0] is not pipelined (PREG=0). Pipelining the DSP48 output will improve performance and often saves power so it is suggested whenever possible to fully pipeline this function.  If this DSP48 function was inferred, it is suggested to describe an additional register stage after this function.  If the DSP48 was instantiated in the design, it is suggested to set the PREG attribute to 1.
Related violations: <none>

DPOP-1#3 Warning
PREG Output pipelining  
DSP grayscale_i/grayscale_kernel_0/inst/grp_grayscale_kernel_Pipeline_VITIS_LOOP_38_1_VITIS_LOOP_39_2_fu_76/fmul_32ns_32ns_32_4_max_dsp_1_U3/grayscale_kernel_fmul_32ns_32ns_32_4_max_dsp_1_ip_u/inst/i_synth/MULT.OP/i_non_prim.MULT/DSP48E1_SPD_SGL_VARIANT.FIX_MULT/DSP2/i_no_versal_es1_workaround.DSP output grayscale_i/grayscale_kernel_0/inst/grp_grayscale_kernel_Pipeline_VITIS_LOOP_38_1_VITIS_LOOP_39_2_fu_76/fmul_32ns_32ns_32_4_max_dsp_1_U3/grayscale_kernel_fmul_32ns_32ns_32_4_max_dsp_1_ip_u/inst/i_synth/MULT.OP/i_non_prim.MULT/DSP48E1_SPD_SGL_VARIANT.FIX_MULT/DSP2/i_no_versal_es1_workaround.DSP/PATTERNDETECT is not pipelined (PREG=0). Pipelining the DSP48 output will improve performance and often saves power so it is suggested whenever possible to fully pipeline this function.  If this DSP48 function was inferred, it is suggested to describe an additional register stage after this function.  If the DSP48 was instantiated in the design, it is suggested to set the PREG attribute to 1.
Related violations: <none>

DPOP-1#4 Warning
PREG Output pipelining  
DSP grayscale_i/grayscale_kernel_0/inst/grp_grayscale_kernel_Pipeline_VITIS_LOOP_38_1_VITIS_LOOP_39_2_fu_76/fmul_32ns_32ns_32_4_max_dsp_1_U3/grayscale_kernel_fmul_32ns_32ns_32_4_max_dsp_1_ip_u/inst/i_synth/MULT.OP/i_non_prim.MULT/DSP48E1_SPD_SGL_VARIANT.FIX_MULT/DSP2/i_no_versal_es1_workaround.DSP output grayscale_i/grayscale_kernel_0/inst/grp_grayscale_kernel_Pipeline_VITIS_LOOP_38_1_VITIS_LOOP_39_2_fu_76/fmul_32ns_32ns_32_4_max_dsp_1_U3/grayscale_kernel_fmul_32ns_32ns_32_4_max_dsp_1_ip_u/inst/i_synth/MULT.OP/i_non_prim.MULT/DSP48E1_SPD_SGL_VARIANT.FIX_MULT/DSP2/i_no_versal_es1_workaround.DSP/P[47:0] is not pipelined (PREG=0). Pipelining the DSP48 output will improve performance and often saves power so it is suggested whenever possible to fully pipeline this function.  If this DSP48 function was inferred, it is suggested to describe an additional register stage after this function.  If the DSP48 was instantiated in the design, it is suggested to set the PREG attribute to 1.
Related violations: <none>

DPOP-1#5 Warning
PREG Output pipelining  
DSP grayscale_i/grayscale_kernel_0/inst/grp_grayscale_kernel_Pipeline_VITIS_LOOP_38_1_VITIS_LOOP_39_2_fu_76/fmul_32ns_32ns_32_4_max_dsp_1_U3/grayscale_kernel_fmul_32ns_32ns_32_4_max_dsp_1_ip_u/inst/i_synth/MULT.OP/i_non_prim.R_AND_R/LAT_OPT.FULL.R_AND_R/DSP48E1_SGL_EXP_IP.OLD_ADD.ADD/i_no_versal_es1_workaround.DSP output grayscale_i/grayscale_kernel_0/inst/grp_grayscale_kernel_Pipeline_VITIS_LOOP_38_1_VITIS_LOOP_39_2_fu_76/fmul_32ns_32ns_32_4_max_dsp_1_U3/grayscale_kernel_fmul_32ns_32ns_32_4_max_dsp_1_ip_u/inst/i_synth/MULT.OP/i_non_prim.R_AND_R/LAT_OPT.FULL.R_AND_R/DSP48E1_SGL_EXP_IP.OLD_ADD.ADD/i_no_versal_es1_workaround.DSP/CARRYOUT[3:0] is not pipelined (PREG=0). Pipelining the DSP48 output will improve performance and often saves power so it is suggested whenever possible to fully pipeline this function.  If this DSP48 function was inferred, it is suggested to describe an additional register stage after this function.  If the DSP48 was instantiated in the design, it is suggested to set the PREG attribute to 1.
Related violations: <none>

DPOP-1#6 Warning
PREG Output pipelining  
DSP grayscale_i/grayscale_kernel_0/inst/grp_grayscale_kernel_Pipeline_VITIS_LOOP_38_1_VITIS_LOOP_39_2_fu_76/fmul_32ns_32ns_32_4_max_dsp_1_U3/grayscale_kernel_fmul_32ns_32ns_32_4_max_dsp_1_ip_u/inst/i_synth/MULT.OP/i_non_prim.R_AND_R/LAT_OPT.FULL.R_AND_R/DSP48E1_SGL_EXP_IP.OLD_ADD.ADD/i_no_versal_es1_workaround.DSP output grayscale_i/grayscale_kernel_0/inst/grp_grayscale_kernel_Pipeline_VITIS_LOOP_38_1_VITIS_LOOP_39_2_fu_76/fmul_32ns_32ns_32_4_max_dsp_1_U3/grayscale_kernel_fmul_32ns_32ns_32_4_max_dsp_1_ip_u/inst/i_synth/MULT.OP/i_non_prim.R_AND_R/LAT_OPT.FULL.R_AND_R/DSP48E1_SGL_EXP_IP.OLD_ADD.ADD/i_no_versal_es1_workaround.DSP/P[47:0] is not pipelined (PREG=0). Pipelining the DSP48 output will improve performance and often saves power so it is suggested whenever possible to fully pipeline this function.  If this DSP48 function was inferred, it is suggested to describe an additional register stage after this function.  If the DSP48 was instantiated in the design, it is suggested to set the PREG attribute to 1.
Related violations: <none>

DPOP-1#7 Warning
PREG Output pipelining  
DSP grayscale_i/grayscale_kernel_0/inst/grp_grayscale_kernel_Pipeline_VITIS_LOOP_38_1_VITIS_LOOP_39_2_fu_76/fmul_32ns_32ns_32_4_max_dsp_1_U4/grayscale_kernel_fmul_32ns_32ns_32_4_max_dsp_1_ip_u/inst/i_synth/MULT.OP/i_non_prim.MULT/DSP48E1_SPD_SGL_VARIANT.FIX_MULT/DSP2/i_no_versal_es1_workaround.DSP output grayscale_i/grayscale_kernel_0/inst/grp_grayscale_kernel_Pipeline_VITIS_LOOP_38_1_VITIS_LOOP_39_2_fu_76/fmul_32ns_32ns_32_4_max_dsp_1_U4/grayscale_kernel_fmul_32ns_32ns_32_4_max_dsp_1_ip_u/inst/i_synth/MULT.OP/i_non_prim.MULT/DSP48E1_SPD_SGL_VARIANT.FIX_MULT/DSP2/i_no_versal_es1_workaround.DSP/PATTERNDETECT is not pipelined (PREG=0). Pipelining the DSP48 output will improve performance and often saves power so it is suggested whenever possible to fully pipeline this function.  If this DSP48 function was inferred, it is suggested to describe an additional register stage after this function.  If the DSP48 was instantiated in the design, it is suggested to set the PREG attribute to 1.
Related violations: <none>

DPOP-1#8 Warning
PREG Output pipelining  
DSP grayscale_i/grayscale_kernel_0/inst/grp_grayscale_kernel_Pipeline_VITIS_LOOP_38_1_VITIS_LOOP_39_2_fu_76/fmul_32ns_32ns_32_4_max_dsp_1_U4/grayscale_kernel_fmul_32ns_32ns_32_4_max_dsp_1_ip_u/inst/i_synth/MULT.OP/i_non_prim.MULT/DSP48E1_SPD_SGL_VARIANT.FIX_MULT/DSP2/i_no_versal_es1_workaround.DSP output grayscale_i/grayscale_kernel_0/inst/grp_grayscale_kernel_Pipeline_VITIS_LOOP_38_1_VITIS_LOOP_39_2_fu_76/fmul_32ns_32ns_32_4_max_dsp_1_U4/grayscale_kernel_fmul_32ns_32ns_32_4_max_dsp_1_ip_u/inst/i_synth/MULT.OP/i_non_prim.MULT/DSP48E1_SPD_SGL_VARIANT.FIX_MULT/DSP2/i_no_versal_es1_workaround.DSP/P[47:0] is not pipelined (PREG=0). Pipelining the DSP48 output will improve performance and often saves power so it is suggested whenever possible to fully pipeline this function.  If this DSP48 function was inferred, it is suggested to describe an additional register stage after this function.  If the DSP48 was instantiated in the design, it is suggested to set the PREG attribute to 1.
Related violations: <none>

DPOP-1#9 Warning
PREG Output pipelining  
DSP grayscale_i/grayscale_kernel_0/inst/grp_grayscale_kernel_Pipeline_VITIS_LOOP_38_1_VITIS_LOOP_39_2_fu_76/fmul_32ns_32ns_32_4_max_dsp_1_U4/grayscale_kernel_fmul_32ns_32ns_32_4_max_dsp_1_ip_u/inst/i_synth/MULT.OP/i_non_prim.R_AND_R/LAT_OPT.FULL.R_AND_R/DSP48E1_SGL_EXP_IP.OLD_ADD.ADD/i_no_versal_es1_workaround.DSP output grayscale_i/grayscale_kernel_0/inst/grp_grayscale_kernel_Pipeline_VITIS_LOOP_38_1_VITIS_LOOP_39_2_fu_76/fmul_32ns_32ns_32_4_max_dsp_1_U4/grayscale_kernel_fmul_32ns_32ns_32_4_max_dsp_1_ip_u/inst/i_synth/MULT.OP/i_non_prim.R_AND_R/LAT_OPT.FULL.R_AND_R/DSP48E1_SGL_EXP_IP.OLD_ADD.ADD/i_no_versal_es1_workaround.DSP/CARRYOUT[3:0] is not pipelined (PREG=0). Pipelining the DSP48 output will improve performance and often saves power so it is suggested whenever possible to fully pipeline this function.  If this DSP48 function was inferred, it is suggested to describe an additional register stage after this function.  If the DSP48 was instantiated in the design, it is suggested to set the PREG attribute to 1.
Related violations: <none>

DPOP-1#10 Warning
PREG Output pipelining  
DSP grayscale_i/grayscale_kernel_0/inst/grp_grayscale_kernel_Pipeline_VITIS_LOOP_38_1_VITIS_LOOP_39_2_fu_76/fmul_32ns_32ns_32_4_max_dsp_1_U4/grayscale_kernel_fmul_32ns_32ns_32_4_max_dsp_1_ip_u/inst/i_synth/MULT.OP/i_non_prim.R_AND_R/LAT_OPT.FULL.R_AND_R/DSP48E1_SGL_EXP_IP.OLD_ADD.ADD/i_no_versal_es1_workaround.DSP output grayscale_i/grayscale_kernel_0/inst/grp_grayscale_kernel_Pipeline_VITIS_LOOP_38_1_VITIS_LOOP_39_2_fu_76/fmul_32ns_32ns_32_4_max_dsp_1_U4/grayscale_kernel_fmul_32ns_32ns_32_4_max_dsp_1_ip_u/inst/i_synth/MULT.OP/i_non_prim.R_AND_R/LAT_OPT.FULL.R_AND_R/DSP48E1_SGL_EXP_IP.OLD_ADD.ADD/i_no_versal_es1_workaround.DSP/P[47:0] is not pipelined (PREG=0). Pipelining the DSP48 output will improve performance and often saves power so it is suggested whenever possible to fully pipeline this function.  If this DSP48 function was inferred, it is suggested to describe an additional register stage after this function.  If the DSP48 was instantiated in the design, it is suggested to set the PREG attribute to 1.
Related violations: <none>

DPOP-1#11 Warning
PREG Output pipelining  
DSP grayscale_i/grayscale_kernel_0/inst/grp_grayscale_kernel_Pipeline_VITIS_LOOP_38_1_VITIS_LOOP_39_2_fu_76/fmul_32ns_32ns_32_4_max_dsp_1_U5/grayscale_kernel_fmul_32ns_32ns_32_4_max_dsp_1_ip_u/inst/i_synth/MULT.OP/i_non_prim.MULT/DSP48E1_SPD_SGL_VARIANT.FIX_MULT/DSP2/i_no_versal_es1_workaround.DSP output grayscale_i/grayscale_kernel_0/inst/grp_grayscale_kernel_Pipeline_VITIS_LOOP_38_1_VITIS_LOOP_39_2_fu_76/fmul_32ns_32ns_32_4_max_dsp_1_U5/grayscale_kernel_fmul_32ns_32ns_32_4_max_dsp_1_ip_u/inst/i_synth/MULT.OP/i_non_prim.MULT/DSP48E1_SPD_SGL_VARIANT.FIX_MULT/DSP2/i_no_versal_es1_workaround.DSP/PATTERNDETECT is not pipelined (PREG=0). Pipelining the DSP48 output will improve performance and often saves power so it is suggested whenever possible to fully pipeline this function.  If this DSP48 function was inferred, it is suggested to describe an additional register stage after this function.  If the DSP48 was instantiated in the design, it is suggested to set the PREG attribute to 1.
Related violations: <none>

DPOP-1#12 Warning
PREG Output pipelining  
DSP grayscale_i/grayscale_kernel_0/inst/grp_grayscale_kernel_Pipeline_VITIS_LOOP_38_1_VITIS_LOOP_39_2_fu_76/fmul_32ns_32ns_32_4_max_dsp_1_U5/grayscale_kernel_fmul_32ns_32ns_32_4_max_dsp_1_ip_u/inst/i_synth/MULT.OP/i_non_prim.MULT/DSP48E1_SPD_SGL_VARIANT.FIX_MULT/DSP2/i_no_versal_es1_workaround.DSP output grayscale_i/grayscale_kernel_0/inst/grp_grayscale_kernel_Pipeline_VITIS_LOOP_38_1_VITIS_LOOP_39_2_fu_76/fmul_32ns_32ns_32_4_max_dsp_1_U5/grayscale_kernel_fmul_32ns_32ns_32_4_max_dsp_1_ip_u/inst/i_synth/MULT.OP/i_non_prim.MULT/DSP48E1_SPD_SGL_VARIANT.FIX_MULT/DSP2/i_no_versal_es1_workaround.DSP/P[47:0] is not pipelined (PREG=0). Pipelining the DSP48 output will improve performance and often saves power so it is suggested whenever possible to fully pipeline this function.  If this DSP48 function was inferred, it is suggested to describe an additional register stage after this function.  If the DSP48 was instantiated in the design, it is suggested to set the PREG attribute to 1.
Related violations: <none>

DPOP-1#13 Warning
PREG Output pipelining  
DSP grayscale_i/grayscale_kernel_0/inst/grp_grayscale_kernel_Pipeline_VITIS_LOOP_38_1_VITIS_LOOP_39_2_fu_76/fmul_32ns_32ns_32_4_max_dsp_1_U5/grayscale_kernel_fmul_32ns_32ns_32_4_max_dsp_1_ip_u/inst/i_synth/MULT.OP/i_non_prim.R_AND_R/LAT_OPT.FULL.R_AND_R/DSP48E1_SGL_EXP_IP.OLD_ADD.ADD/i_no_versal_es1_workaround.DSP output grayscale_i/grayscale_kernel_0/inst/grp_grayscale_kernel_Pipeline_VITIS_LOOP_38_1_VITIS_LOOP_39_2_fu_76/fmul_32ns_32ns_32_4_max_dsp_1_U5/grayscale_kernel_fmul_32ns_32ns_32_4_max_dsp_1_ip_u/inst/i_synth/MULT.OP/i_non_prim.R_AND_R/LAT_OPT.FULL.R_AND_R/DSP48E1_SGL_EXP_IP.OLD_ADD.ADD/i_no_versal_es1_workaround.DSP/CARRYOUT[3:0] is not pipelined (PREG=0). Pipelining the DSP48 output will improve performance and often saves power so it is suggested whenever possible to fully pipeline this function.  If this DSP48 function was inferred, it is suggested to describe an additional register stage after this function.  If the DSP48 was instantiated in the design, it is suggested to set the PREG attribute to 1.
Related violations: <none>

DPOP-1#14 Warning
PREG Output pipelining  
DSP grayscale_i/grayscale_kernel_0/inst/grp_grayscale_kernel_Pipeline_VITIS_LOOP_38_1_VITIS_LOOP_39_2_fu_76/fmul_32ns_32ns_32_4_max_dsp_1_U5/grayscale_kernel_fmul_32ns_32ns_32_4_max_dsp_1_ip_u/inst/i_synth/MULT.OP/i_non_prim.R_AND_R/LAT_OPT.FULL.R_AND_R/DSP48E1_SGL_EXP_IP.OLD_ADD.ADD/i_no_versal_es1_workaround.DSP output grayscale_i/grayscale_kernel_0/inst/grp_grayscale_kernel_Pipeline_VITIS_LOOP_38_1_VITIS_LOOP_39_2_fu_76/fmul_32ns_32ns_32_4_max_dsp_1_U5/grayscale_kernel_fmul_32ns_32ns_32_4_max_dsp_1_ip_u/inst/i_synth/MULT.OP/i_non_prim.R_AND_R/LAT_OPT.FULL.R_AND_R/DSP48E1_SGL_EXP_IP.OLD_ADD.ADD/i_no_versal_es1_workaround.DSP/P[47:0] is not pipelined (PREG=0). Pipelining the DSP48 output will improve performance and often saves power so it is suggested whenever possible to fully pipeline this function.  If this DSP48 function was inferred, it is suggested to describe an additional register stage after this function.  If the DSP48 was instantiated in the design, it is suggested to set the PREG attribute to 1.
Related violations: <none>

DPOP-1#15 Warning
PREG Output pipelining  
DSP grayscale_i/grayscale_kernel_0/inst/mul_31ns_31ns_62_2_1_U24/tmp_product output grayscale_i/grayscale_kernel_0/inst/mul_31ns_31ns_62_2_1_U24/tmp_product/P[47:0] is not pipelined (PREG=0). Pipelining the DSP48 output will improve performance and often saves power so it is suggested whenever possible to fully pipeline this function.  If this DSP48 function was inferred, it is suggested to describe an additional register stage after this function.  If the DSP48 was instantiated in the design, it is suggested to set the PREG attribute to 1.
Related violations: <none>

DPOP-1#16 Warning
PREG Output pipelining  
DSP grayscale_i/grayscale_kernel_0/inst/mul_31ns_31ns_62_2_1_U24/tmp_product__17 output grayscale_i/grayscale_kernel_0/inst/mul_31ns_31ns_62_2_1_U24/tmp_product__17/P[47:0] is not pipelined (PREG=0). Pipelining the DSP48 output will improve performance and often saves power so it is suggested whenever possible to fully pipeline this function.  If this DSP48 function was inferred, it is suggested to describe an additional register stage after this function.  If the DSP48 was instantiated in the design, it is suggested to set the PREG attribute to 1.
Related violations: <none>

DPOP-2#1 Warning
MREG Output pipelining  
DSP grayscale_i/grayscale_kernel_0/inst/grp_grayscale_kernel_Pipeline_VITIS_LOOP_38_1_VITIS_LOOP_39_2_fu_76/fadd_32ns_32ns_32_5_full_dsp_1_U1/grayscale_kernel_fadd_32ns_32ns_32_5_full_dsp_1_ip_u/inst/i_synth/ADDSUB_OP.ADDSUB/DSP.OP/DSP48E1_BODY.NORM_RND/FULL_USAGE_DSP.SHIFT_RND/i_no_versal_es1_workaround.DSP multiplier stage grayscale_i/grayscale_kernel_0/inst/grp_grayscale_kernel_Pipeline_VITIS_LOOP_38_1_VITIS_LOOP_39_2_fu_76/fadd_32ns_32ns_32_5_full_dsp_1_U1/grayscale_kernel_fadd_32ns_32ns_32_5_full_dsp_1_ip_u/inst/i_synth/ADDSUB_OP.ADDSUB/DSP.OP/DSP48E1_BODY.NORM_RND/FULL_USAGE_DSP.SHIFT_RND/i_no_versal_es1_workaround.DSP/P[47:0] is not pipelined (MREG=0). Pipelining the multiplier function will improve performance and will save significant power so it is suggested whenever possible to fully pipeline this function.  If this multiplier was inferred, it is suggested to describe an additional register stage after this function.  If there is no registered adder/accumulator following the multiply function, two pipeline stages are suggested to allow both the MREG and PREG registers to be used.  If the DSP48 was instantiated in the design, it is suggested to set both the MREG and PREG attributes to 1 when performing multiply functions.
Related violations: <none>

DPOP-2#2 Warning
MREG Output pipelining  
DSP grayscale_i/grayscale_kernel_0/inst/grp_grayscale_kernel_Pipeline_VITIS_LOOP_38_1_VITIS_LOOP_39_2_fu_76/fadd_32ns_32ns_32_5_full_dsp_1_U2/grayscale_kernel_fadd_32ns_32ns_32_5_full_dsp_1_ip_u/inst/i_synth/ADDSUB_OP.ADDSUB/DSP.OP/DSP48E1_BODY.NORM_RND/FULL_USAGE_DSP.SHIFT_RND/i_no_versal_es1_workaround.DSP multiplier stage grayscale_i/grayscale_kernel_0/inst/grp_grayscale_kernel_Pipeline_VITIS_LOOP_38_1_VITIS_LOOP_39_2_fu_76/fadd_32ns_32ns_32_5_full_dsp_1_U2/grayscale_kernel_fadd_32ns_32ns_32_5_full_dsp_1_ip_u/inst/i_synth/ADDSUB_OP.ADDSUB/DSP.OP/DSP48E1_BODY.NORM_RND/FULL_USAGE_DSP.SHIFT_RND/i_no_versal_es1_workaround.DSP/P[47:0] is not pipelined (MREG=0). Pipelining the multiplier function will improve performance and will save significant power so it is suggested whenever possible to fully pipeline this function.  If this multiplier was inferred, it is suggested to describe an additional register stage after this function.  If there is no registered adder/accumulator following the multiply function, two pipeline stages are suggested to allow both the MREG and PREG registers to be used.  If the DSP48 was instantiated in the design, it is suggested to set both the MREG and PREG attributes to 1 when performing multiply functions.
Related violations: <none>

DPOP-2#3 Warning
MREG Output pipelining  
DSP grayscale_i/grayscale_kernel_0/inst/grp_grayscale_kernel_Pipeline_VITIS_LOOP_38_1_VITIS_LOOP_39_2_fu_76/fmul_32ns_32ns_32_4_max_dsp_1_U3/grayscale_kernel_fmul_32ns_32ns_32_4_max_dsp_1_ip_u/inst/i_synth/MULT.OP/i_non_prim.MULT/DSP48E1_SPD_SGL_VARIANT.FIX_MULT/DSP1/i_no_versal_es1_workaround.DSP multiplier stage grayscale_i/grayscale_kernel_0/inst/grp_grayscale_kernel_Pipeline_VITIS_LOOP_38_1_VITIS_LOOP_39_2_fu_76/fmul_32ns_32ns_32_4_max_dsp_1_U3/grayscale_kernel_fmul_32ns_32ns_32_4_max_dsp_1_ip_u/inst/i_synth/MULT.OP/i_non_prim.MULT/DSP48E1_SPD_SGL_VARIANT.FIX_MULT/DSP1/i_no_versal_es1_workaround.DSP/PATTERNDETECT is not pipelined (MREG=0). Pipelining the multiplier function will improve performance and will save significant power so it is suggested whenever possible to fully pipeline this function.  If this multiplier was inferred, it is suggested to describe an additional register stage after this function.  If there is no registered adder/accumulator following the multiply function, two pipeline stages are suggested to allow both the MREG and PREG registers to be used.  If the DSP48 was instantiated in the design, it is suggested to set both the MREG and PREG attributes to 1 when performing multiply functions.
Related violations: <none>

DPOP-2#4 Warning
MREG Output pipelining  
DSP grayscale_i/grayscale_kernel_0/inst/grp_grayscale_kernel_Pipeline_VITIS_LOOP_38_1_VITIS_LOOP_39_2_fu_76/fmul_32ns_32ns_32_4_max_dsp_1_U4/grayscale_kernel_fmul_32ns_32ns_32_4_max_dsp_1_ip_u/inst/i_synth/MULT.OP/i_non_prim.MULT/DSP48E1_SPD_SGL_VARIANT.FIX_MULT/DSP1/i_no_versal_es1_workaround.DSP multiplier stage grayscale_i/grayscale_kernel_0/inst/grp_grayscale_kernel_Pipeline_VITIS_LOOP_38_1_VITIS_LOOP_39_2_fu_76/fmul_32ns_32ns_32_4_max_dsp_1_U4/grayscale_kernel_fmul_32ns_32ns_32_4_max_dsp_1_ip_u/inst/i_synth/MULT.OP/i_non_prim.MULT/DSP48E1_SPD_SGL_VARIANT.FIX_MULT/DSP1/i_no_versal_es1_workaround.DSP/PATTERNDETECT is not pipelined (MREG=0). Pipelining the multiplier function will improve performance and will save significant power so it is suggested whenever possible to fully pipeline this function.  If this multiplier was inferred, it is suggested to describe an additional register stage after this function.  If there is no registered adder/accumulator following the multiply function, two pipeline stages are suggested to allow both the MREG and PREG registers to be used.  If the DSP48 was instantiated in the design, it is suggested to set both the MREG and PREG attributes to 1 when performing multiply functions.
Related violations: <none>

DPOP-2#5 Warning
MREG Output pipelining  
DSP grayscale_i/grayscale_kernel_0/inst/grp_grayscale_kernel_Pipeline_VITIS_LOOP_38_1_VITIS_LOOP_39_2_fu_76/fmul_32ns_32ns_32_4_max_dsp_1_U5/grayscale_kernel_fmul_32ns_32ns_32_4_max_dsp_1_ip_u/inst/i_synth/MULT.OP/i_non_prim.MULT/DSP48E1_SPD_SGL_VARIANT.FIX_MULT/DSP1/i_no_versal_es1_workaround.DSP multiplier stage grayscale_i/grayscale_kernel_0/inst/grp_grayscale_kernel_Pipeline_VITIS_LOOP_38_1_VITIS_LOOP_39_2_fu_76/fmul_32ns_32ns_32_4_max_dsp_1_U5/grayscale_kernel_fmul_32ns_32ns_32_4_max_dsp_1_ip_u/inst/i_synth/MULT.OP/i_non_prim.MULT/DSP48E1_SPD_SGL_VARIANT.FIX_MULT/DSP1/i_no_versal_es1_workaround.DSP/PATTERNDETECT is not pipelined (MREG=0). Pipelining the multiplier function will improve performance and will save significant power so it is suggested whenever possible to fully pipeline this function.  If this multiplier was inferred, it is suggested to describe an additional register stage after this function.  If there is no registered adder/accumulator following the multiply function, two pipeline stages are suggested to allow both the MREG and PREG registers to be used.  If the DSP48 was instantiated in the design, it is suggested to set both the MREG and PREG attributes to 1 when performing multiply functions.
Related violations: <none>

DPOP-2#6 Warning
MREG Output pipelining  
DSP grayscale_i/grayscale_kernel_0/inst/mul_31ns_31ns_62_2_1_U24/buff0_reg multiplier stage grayscale_i/grayscale_kernel_0/inst/mul_31ns_31ns_62_2_1_U24/buff0_reg/P[47:0] is not pipelined (MREG=0). Pipelining the multiplier function will improve performance and will save significant power so it is suggested whenever possible to fully pipeline this function.  If this multiplier was inferred, it is suggested to describe an additional register stage after this function.  If there is no registered adder/accumulator following the multiply function, two pipeline stages are suggested to allow both the MREG and PREG registers to be used.  If the DSP48 was instantiated in the design, it is suggested to set both the MREG and PREG attributes to 1 when performing multiply functions.
Related violations: <none>

DPOP-2#7 Warning
MREG Output pipelining  
DSP grayscale_i/grayscale_kernel_0/inst/mul_31ns_31ns_62_2_1_U24/buff0_reg__0 multiplier stage grayscale_i/grayscale_kernel_0/inst/mul_31ns_31ns_62_2_1_U24/buff0_reg__0/P[47:0] is not pipelined (MREG=0). Pipelining the multiplier function will improve performance and will save significant power so it is suggested whenever possible to fully pipeline this function.  If this multiplier was inferred, it is suggested to describe an additional register stage after this function.  If there is no registered adder/accumulator following the multiply function, two pipeline stages are suggested to allow both the MREG and PREG registers to be used.  If the DSP48 was instantiated in the design, it is suggested to set both the MREG and PREG attributes to 1 when performing multiply functions.
Related violations: <none>

DPOP-2#8 Warning
MREG Output pipelining  
DSP grayscale_i/grayscale_kernel_0/inst/mul_31ns_31ns_62_2_1_U24/tmp_product multiplier stage grayscale_i/grayscale_kernel_0/inst/mul_31ns_31ns_62_2_1_U24/tmp_product/P[47:0] is not pipelined (MREG=0). Pipelining the multiplier function will improve performance and will save significant power so it is suggested whenever possible to fully pipeline this function.  If this multiplier was inferred, it is suggested to describe an additional register stage after this function.  If there is no registered adder/accumulator following the multiply function, two pipeline stages are suggested to allow both the MREG and PREG registers to be used.  If the DSP48 was instantiated in the design, it is suggested to set both the MREG and PREG attributes to 1 when performing multiply functions.
Related violations: <none>

DPOP-2#9 Warning
MREG Output pipelining  
DSP grayscale_i/grayscale_kernel_0/inst/mul_31ns_31ns_62_2_1_U24/tmp_product__17 multiplier stage grayscale_i/grayscale_kernel_0/inst/mul_31ns_31ns_62_2_1_U24/tmp_product__17/P[47:0] is not pipelined (MREG=0). Pipelining the multiplier function will improve performance and will save significant power so it is suggested whenever possible to fully pipeline this function.  If this multiplier was inferred, it is suggested to describe an additional register stage after this function.  If there is no registered adder/accumulator following the multiply function, two pipeline stages are suggested to allow both the MREG and PREG registers to be used.  If the DSP48 was instantiated in the design, it is suggested to set both the MREG and PREG attributes to 1 when performing multiply functions.
Related violations: <none>

PDCN-1569#1 Warning
LUT equation term check  
Used physical LUT pin 'A1' of cell grayscale_i/axi_mem_intercon/m00_couplers/auto_pc/inst/gen_axi4_axi3.axi3_conv_inst/USE_WRITE.write_addr_inst/USE_B_CHANNEL.cmd_b_queue/inst/fifo_gen_inst/inst_fifo_gen/gconvfifo.rf/grf.rf/gntv_or_sync_fifo.gl0.rd/gr1.gr1_int.rfwft/gpregsm1.user_valid_i_1 (pin grayscale_i/axi_mem_intercon/m00_couplers/auto_pc/inst/gen_axi4_axi3.axi3_conv_inst/USE_WRITE.write_addr_inst/USE_B_CHANNEL.cmd_b_queue/inst/fifo_gen_inst/inst_fifo_gen/gconvfifo.rf/grf.rf/gntv_or_sync_fifo.gl0.rd/gr1.gr1_int.rfwft/gpregsm1.user_valid_i_1/I1) is not included in the LUT equation: 'O6=(A3)+((~A3)*(~A6)*A2)'. If this cell is a user instantiated LUT in the design, please remove connectivity to the pin or change the equation and/or INIT string of the LUT to prevent this issue. If the cell is inferred or IP created LUT, please regenerate the IP and/or resynthesize the design to attempt to correct the issue.
Related violations: <none>

PDCN-1569#2 Warning
LUT equation term check  
Used physical LUT pin 'A6' of cell grayscale_i/axi_mem_intercon/m00_couplers/auto_pc/inst/gen_axi4_axi3.axi3_conv_inst/USE_READ.USE_SPLIT_R.read_addr_inst/USE_R_CHANNEL.cmd_queue/inst/fifo_gen_inst/inst_fifo_gen/gconvfifo.rf/grf.rf/gntv_or_sync_fifo.gl0.rd/gr1.gr1_int.rfwft/gpregsm1.user_valid_i_1 (pin grayscale_i/axi_mem_intercon/m00_couplers/auto_pc/inst/gen_axi4_axi3.axi3_conv_inst/USE_READ.USE_SPLIT_R.read_addr_inst/USE_R_CHANNEL.cmd_queue/inst/fifo_gen_inst/inst_fifo_gen/gconvfifo.rf/grf.rf/gntv_or_sync_fifo.gl0.rd/gr1.gr1_int.rfwft/gpregsm1.user_valid_i_1/I1) is not included in the LUT equation: 'O6=(A5)+((~A5)*(~A4)*A1)'. If this cell is a user instantiated LUT in the design, please remove connectivity to the pin or change the equation and/or INIT string of the LUT to prevent this issue. If the cell is inferred or IP created LUT, please regenerate the IP and/or resynthesize the design to attempt to correct the issue.
Related violations: <none>

PDCN-1569#3 Warning
LUT equation term check  
Used physical LUT pin 'A6' of cell grayscale_i/axi_mem_intercon/m00_couplers/auto_pc/inst/gen_axi4_axi3.axi3_conv_inst/USE_WRITE.write_addr_inst/USE_BURSTS.cmd_queue/inst/fifo_gen_inst/inst_fifo_gen/gconvfifo.rf/grf.rf/gntv_or_sync_fifo.gl0.rd/gr1.gr1_int.rfwft/gpregsm1.user_valid_i_1 (pin grayscale_i/axi_mem_intercon/m00_couplers/auto_pc/inst/gen_axi4_axi3.axi3_conv_inst/USE_WRITE.write_addr_inst/USE_BURSTS.cmd_queue/inst/fifo_gen_inst/inst_fifo_gen/gconvfifo.rf/grf.rf/gntv_or_sync_fifo.gl0.rd/gr1.gr1_int.rfwft/gpregsm1.user_valid_i_1/I1) is not included in the LUT equation: 'O6=(A3)+((~A3)*(~A2)*A5)'. If this cell is a user instantiated LUT in the design, please remove connectivity to the pin or change the equation and/or INIT string of the LUT to prevent this issue. If the cell is inferred or IP created LUT, please regenerate the IP and/or resynthesize the design to attempt to correct the issue.
Related violations: <none>

PDRC-132#1 Warning
SLICE_PairEqSame_A6A5_WARN  
Luts A6LUT and A5LUT in use in site SLICE_X37Y76 with different equations without A6 pin connected to Global Logic High.
Related violations: <none>

PDRC-134#1 Warning
SLICE_PairEqSame_B6B5_WARN  
Luts B6LUT and B5LUT in use in site SLICE_X37Y50 with different equations without A6 pin connected to Global Logic High.
Related violations: <none>

PDRC-134#2 Warning
SLICE_PairEqSame_B6B5_WARN  
Luts B6LUT and B5LUT in use in site SLICE_X37Y76 with different equations without A6 pin connected to Global Logic High.
Related violations: <none>

PDRC-138#1 Warning
SLICE_PairEqSame_D6D5_WARN  
Luts D6LUT and D5LUT in use in site SLICE_X35Y109 with different equations without A6 pin connected to Global Logic High.
Related violations: <none>

PDRC-140#1 Warning
SLICE_PairEqSame_A6A5_WARN  
Luts A6LUT and A5LUT in use in site SLICE_X38Y55 with different equations without A6 pin connected to Global Logic High.
Related violations: <none>

PDRC-142#1 Warning
SLICE_PairEqSame_B6B5_WARN  
Luts B6LUT and B5LUT in use in site SLICE_X36Y118 with different equations without A6 pin connected to Global Logic High.
Related violations: <none>

PDRC-144#1 Warning
SLICE_PairEqSame_C6C5_WARN  
Luts C6LUT and C5LUT in use in site SLICE_X36Y118 with different equations without A6 pin connected to Global Logic High.
Related violations: <none>

PDRC-146#1 Warning
SLICE_PairEqSame_D6D5_WARN  
Luts D6LUT and D5LUT in use in site SLICE_X34Y112 with different equations without A6 pin connected to Global Logic High.
Related violations: <none>

PDRC-146#2 Warning
SLICE_PairEqSame_D6D5_WARN  
Luts D6LUT and D5LUT in use in site SLICE_X36Y111 with different equations without A6 pin connected to Global Logic High.
Related violations: <none>

PDRC-146#3 Warning
SLICE_PairEqSame_D6D5_WARN  
Luts D6LUT and D5LUT in use in site SLICE_X36Y118 with different equations without A6 pin connected to Global Logic High.
Related violations: <none>

RTSTAT-10#1 Warning
No routable loads  
48 net(s) have no routable loads. The problem bus(es) and/or net(s) are grayscale_i/axi_mem_intercon/m00_couplers/auto_pc/inst/gen_axi4_axi3.axi3_conv_inst/USE_READ.USE_SPLIT_R.read_addr_inst/USE_R_CHANNEL.cmd_queue/inst/fifo_gen_inst/inst_fifo_gen/gconvfifo.rf/grf.rf/gntv_or_sync_fifo.gl0.rd/gr1.gr1_int.rfwft/aempty_fwft_i,
grayscale_i/axi_mem_intercon/m00_couplers/auto_pc/inst/gen_axi4_axi3.axi3_conv_inst/USE_WRITE.write_addr_inst/USE_BURSTS.cmd_queue/inst/fifo_gen_inst/inst_fifo_gen/gconvfifo.rf/grf.rf/gntv_or_sync_fifo.gl0.rd/gr1.gr1_int.rfwft/aempty_fwft_i,
grayscale_i/axi_mem_intercon/m00_couplers/auto_pc/inst/gen_axi4_axi3.axi3_conv_inst/USE_WRITE.write_addr_inst/USE_B_CHANNEL.cmd_b_queue/inst/fifo_gen_inst/inst_fifo_gen/gconvfifo.rf/grf.rf/gntv_or_sync_fifo.gl0.rd/gr1.gr1_int.rfwft/aempty_fwft_i,
grayscale_i/axi_smc/inst/m00_nodes/m00_ar_node/inst/mi_handler_m_sc_areset_pipe,
grayscale_i/axi_smc/inst/m00_nodes/m00_aw_node/inst/mi_handler_m_sc_areset_pipe,
grayscale_i/axi_smc/inst/m00_nodes/m00_r_node/inst/mi_handler_m_sc_areset_pipe,
grayscale_i/axi_smc/inst/m01_nodes/m01_aw_node/inst/mi_handler_m_sc_areset_pipe,
grayscale_i/axi_smc/inst/m01_nodes/m01_b_node/inst/mi_handler_m_sc_areset_pipe,
grayscale_i/axi_smc/inst/m01_nodes/m01_r_node/inst/mi_handler_m_sc_areset_pipe,
grayscale_i/axi_smc/inst/m01_nodes/m01_w_node/inst/mi_handler_m_sc_areset_pipe,
grayscale_i/axi_smc/inst/s00_nodes/s00_ar_node/inst/mi_handler_m_sc_areset_pipe,
grayscale_i/axi_smc/inst/s00_nodes/s00_aw_node/inst/mi_handler_m_sc_areset_pipe,
grayscale_i/axi_smc/inst/s00_nodes/s00_b_node/inst/mi_handler_m_sc_areset_pipe,
grayscale_i/axi_smc/inst/s00_nodes/s00_r_node/inst/mi_handler_m_sc_areset_pipe,
grayscale_i/axi_smc/inst/s00_nodes/s00_w_node/inst/mi_handler_m_sc_areset_pipe
 (the first 15 of 36 listed nets/buses).
Related violations: <none>

AVAL-4#1 Advisory
enum_USE_DPORT_FALSE_enum_DREG_ADREG_0_connects_CED_CEAD_RSTD_GND  
grayscale_i/grayscale_kernel_0/inst/grp_grayscale_kernel_Pipeline_VITIS_LOOP_38_1_VITIS_LOOP_39_2_fu_76/fadd_32ns_32ns_32_5_full_dsp_1_U1/grayscale_kernel_fadd_32ns_32ns_32_5_full_dsp_1_ip_u/inst/i_synth/ADDSUB_OP.ADDSUB/DSP.OP/DSP48E1_BODY.NORM_RND/FULL_USAGE_DSP.SHIFT_RND/i_no_versal_es1_workaround.DSP: DSP48E1 is not using the D port (USE_DPORT = FALSE). For improved power characteristics, set DREG and ADREG to '1', tie CED, CEAD, and RSTD to logic '0'.
Related violations: <none>

AVAL-4#2 Advisory
enum_USE_DPORT_FALSE_enum_DREG_ADREG_0_connects_CED_CEAD_RSTD_GND  
grayscale_i/grayscale_kernel_0/inst/grp_grayscale_kernel_Pipeline_VITIS_LOOP_38_1_VITIS_LOOP_39_2_fu_76/fadd_32ns_32ns_32_5_full_dsp_1_U2/grayscale_kernel_fadd_32ns_32ns_32_5_full_dsp_1_ip_u/inst/i_synth/ADDSUB_OP.ADDSUB/DSP.OP/DSP48E1_BODY.NORM_RND/FULL_USAGE_DSP.SHIFT_RND/i_no_versal_es1_workaround.DSP: DSP48E1 is not using the D port (USE_DPORT = FALSE). For improved power characteristics, set DREG and ADREG to '1', tie CED, CEAD, and RSTD to logic '0'.
Related violations: <none>

AVAL-4#3 Advisory
enum_USE_DPORT_FALSE_enum_DREG_ADREG_0_connects_CED_CEAD_RSTD_GND  
grayscale_i/grayscale_kernel_0/inst/grp_grayscale_kernel_Pipeline_VITIS_LOOP_38_1_VITIS_LOOP_39_2_fu_76/fmul_32ns_32ns_32_4_max_dsp_1_U3/grayscale_kernel_fmul_32ns_32ns_32_4_max_dsp_1_ip_u/inst/i_synth/MULT.OP/i_non_prim.MULT/DSP48E1_SPD_SGL_VARIANT.FIX_MULT/DSP1/i_no_versal_es1_workaround.DSP: DSP48E1 is not using the D port (USE_DPORT = FALSE). For improved power characteristics, set DREG and ADREG to '1', tie CED, CEAD, and RSTD to logic '0'.
Related violations: <none>

AVAL-4#4 Advisory
enum_USE_DPORT_FALSE_enum_DREG_ADREG_0_connects_CED_CEAD_RSTD_GND  
grayscale_i/grayscale_kernel_0/inst/grp_grayscale_kernel_Pipeline_VITIS_LOOP_38_1_VITIS_LOOP_39_2_fu_76/fmul_32ns_32ns_32_4_max_dsp_1_U3/grayscale_kernel_fmul_32ns_32ns_32_4_max_dsp_1_ip_u/inst/i_synth/MULT.OP/i_non_prim.MULT/DSP48E1_SPD_SGL_VARIANT.FIX_MULT/DSP2/i_no_versal_es1_workaround.DSP: DSP48E1 is not using the D port (USE_DPORT = FALSE). For improved power characteristics, set DREG and ADREG to '1', tie CED, CEAD, and RSTD to logic '0'.
Related violations: <none>

AVAL-4#5 Advisory
enum_USE_DPORT_FALSE_enum_DREG_ADREG_0_connects_CED_CEAD_RSTD_GND  
grayscale_i/grayscale_kernel_0/inst/grp_grayscale_kernel_Pipeline_VITIS_LOOP_38_1_VITIS_LOOP_39_2_fu_76/fmul_32ns_32ns_32_4_max_dsp_1_U3/grayscale_kernel_fmul_32ns_32ns_32_4_max_dsp_1_ip_u/inst/i_synth/MULT.OP/i_non_prim.R_AND_R/LAT_OPT.FULL.R_AND_R/DSP48E1_SGL_EXP_IP.OLD_ADD.ADD/i_no_versal_es1_workaround.DSP: DSP48E1 is not using the D port (USE_DPORT = FALSE). For improved power characteristics, set DREG and ADREG to '1', tie CED, CEAD, and RSTD to logic '0'.
Related violations: <none>

AVAL-4#6 Advisory
enum_USE_DPORT_FALSE_enum_DREG_ADREG_0_connects_CED_CEAD_RSTD_GND  
grayscale_i/grayscale_kernel_0/inst/grp_grayscale_kernel_Pipeline_VITIS_LOOP_38_1_VITIS_LOOP_39_2_fu_76/fmul_32ns_32ns_32_4_max_dsp_1_U4/grayscale_kernel_fmul_32ns_32ns_32_4_max_dsp_1_ip_u/inst/i_synth/MULT.OP/i_non_prim.MULT/DSP48E1_SPD_SGL_VARIANT.FIX_MULT/DSP1/i_no_versal_es1_workaround.DSP: DSP48E1 is not using the D port (USE_DPORT = FALSE). For improved power characteristics, set DREG and ADREG to '1', tie CED, CEAD, and RSTD to logic '0'.
Related violations: <none>

AVAL-4#7 Advisory
enum_USE_DPORT_FALSE_enum_DREG_ADREG_0_connects_CED_CEAD_RSTD_GND  
grayscale_i/grayscale_kernel_0/inst/grp_grayscale_kernel_Pipeline_VITIS_LOOP_38_1_VITIS_LOOP_39_2_fu_76/fmul_32ns_32ns_32_4_max_dsp_1_U4/grayscale_kernel_fmul_32ns_32ns_32_4_max_dsp_1_ip_u/inst/i_synth/MULT.OP/i_non_prim.MULT/DSP48E1_SPD_SGL_VARIANT.FIX_MULT/DSP2/i_no_versal_es1_workaround.DSP: DSP48E1 is not using the D port (USE_DPORT = FALSE). For improved power characteristics, set DREG and ADREG to '1', tie CED, CEAD, and RSTD to logic '0'.
Related violations: <none>

AVAL-4#8 Advisory
enum_USE_DPORT_FALSE_enum_DREG_ADREG_0_connects_CED_CEAD_RSTD_GND  
grayscale_i/grayscale_kernel_0/inst/grp_grayscale_kernel_Pipeline_VITIS_LOOP_38_1_VITIS_LOOP_39_2_fu_76/fmul_32ns_32ns_32_4_max_dsp_1_U4/grayscale_kernel_fmul_32ns_32ns_32_4_max_dsp_1_ip_u/inst/i_synth/MULT.OP/i_non_prim.R_AND_R/LAT_OPT.FULL.R_AND_R/DSP48E1_SGL_EXP_IP.OLD_ADD.ADD/i_no_versal_es1_workaround.DSP: DSP48E1 is not using the D port (USE_DPORT = FALSE). For improved power characteristics, set DREG and ADREG to '1', tie CED, CEAD, and RSTD to logic '0'.
Related violations: <none>

AVAL-4#9 Advisory
enum_USE_DPORT_FALSE_enum_DREG_ADREG_0_connects_CED_CEAD_RSTD_GND  
grayscale_i/grayscale_kernel_0/inst/grp_grayscale_kernel_Pipeline_VITIS_LOOP_38_1_VITIS_LOOP_39_2_fu_76/fmul_32ns_32ns_32_4_max_dsp_1_U5/grayscale_kernel_fmul_32ns_32ns_32_4_max_dsp_1_ip_u/inst/i_synth/MULT.OP/i_non_prim.MULT/DSP48E1_SPD_SGL_VARIANT.FIX_MULT/DSP1/i_no_versal_es1_workaround.DSP: DSP48E1 is not using the D port (USE_DPORT = FALSE). For improved power characteristics, set DREG and ADREG to '1', tie CED, CEAD, and RSTD to logic '0'.
Related violations: <none>

AVAL-4#10 Advisory
enum_USE_DPORT_FALSE_enum_DREG_ADREG_0_connects_CED_CEAD_RSTD_GND  
grayscale_i/grayscale_kernel_0/inst/grp_grayscale_kernel_Pipeline_VITIS_LOOP_38_1_VITIS_LOOP_39_2_fu_76/fmul_32ns_32ns_32_4_max_dsp_1_U5/grayscale_kernel_fmul_32ns_32ns_32_4_max_dsp_1_ip_u/inst/i_synth/MULT.OP/i_non_prim.MULT/DSP48E1_SPD_SGL_VARIANT.FIX_MULT/DSP2/i_no_versal_es1_workaround.DSP: DSP48E1 is not using the D port (USE_DPORT = FALSE). For improved power characteristics, set DREG and ADREG to '1', tie CED, CEAD, and RSTD to logic '0'.
Related violations: <none>

AVAL-4#11 Advisory
enum_USE_DPORT_FALSE_enum_DREG_ADREG_0_connects_CED_CEAD_RSTD_GND  
grayscale_i/grayscale_kernel_0/inst/grp_grayscale_kernel_Pipeline_VITIS_LOOP_38_1_VITIS_LOOP_39_2_fu_76/fmul_32ns_32ns_32_4_max_dsp_1_U5/grayscale_kernel_fmul_32ns_32ns_32_4_max_dsp_1_ip_u/inst/i_synth/MULT.OP/i_non_prim.R_AND_R/LAT_OPT.FULL.R_AND_R/DSP48E1_SGL_EXP_IP.OLD_ADD.ADD/i_no_versal_es1_workaround.DSP: DSP48E1 is not using the D port (USE_DPORT = FALSE). For improved power characteristics, set DREG and ADREG to '1', tie CED, CEAD, and RSTD to logic '0'.
Related violations: <none>

AVAL-5#1 Advisory
enum_USE_MULT_NONE_enum_DREG_ADREG_0_connects_CED_CEAD_RSTD_GND  
grayscale_i/grayscale_kernel_0/inst/grp_grayscale_kernel_Pipeline_VITIS_LOOP_38_1_VITIS_LOOP_39_2_fu_76/fmul_32ns_32ns_32_4_max_dsp_1_U3/grayscale_kernel_fmul_32ns_32ns_32_4_max_dsp_1_ip_u/inst/i_synth/MULT.OP/i_non_prim.R_AND_R/LAT_OPT.FULL.R_AND_R/DSP48E1_SGL_EXP_IP.OLD_ADD.ADD/i_no_versal_es1_workaround.DSP: DSP48E1 is not using the Multiplier (USE_MULT = NONE). For improved power characteristics, set DREG and ADREG to '1', tie CED, CEAD, and RSTD to logic '0'.
Related violations: <none>

AVAL-5#2 Advisory
enum_USE_MULT_NONE_enum_DREG_ADREG_0_connects_CED_CEAD_RSTD_GND  
grayscale_i/grayscale_kernel_0/inst/grp_grayscale_kernel_Pipeline_VITIS_LOOP_38_1_VITIS_LOOP_39_2_fu_76/fmul_32ns_32ns_32_4_max_dsp_1_U4/grayscale_kernel_fmul_32ns_32ns_32_4_max_dsp_1_ip_u/inst/i_synth/MULT.OP/i_non_prim.R_AND_R/LAT_OPT.FULL.R_AND_R/DSP48E1_SGL_EXP_IP.OLD_ADD.ADD/i_no_versal_es1_workaround.DSP: DSP48E1 is not using the Multiplier (USE_MULT = NONE). For improved power characteristics, set DREG and ADREG to '1', tie CED, CEAD, and RSTD to logic '0'.
Related violations: <none>

AVAL-5#3 Advisory
enum_USE_MULT_NONE_enum_DREG_ADREG_0_connects_CED_CEAD_RSTD_GND  
grayscale_i/grayscale_kernel_0/inst/grp_grayscale_kernel_Pipeline_VITIS_LOOP_38_1_VITIS_LOOP_39_2_fu_76/fmul_32ns_32ns_32_4_max_dsp_1_U5/grayscale_kernel_fmul_32ns_32ns_32_4_max_dsp_1_ip_u/inst/i_synth/MULT.OP/i_non_prim.R_AND_R/LAT_OPT.FULL.R_AND_R/DSP48E1_SGL_EXP_IP.OLD_ADD.ADD/i_no_versal_es1_workaround.DSP: DSP48E1 is not using the Multiplier (USE_MULT = NONE). For improved power characteristics, set DREG and ADREG to '1', tie CED, CEAD, and RSTD to logic '0'.
Related violations: <none>

REQP-181#1 Advisory
writefirst  
Synchronous clocking is detected for BRAM (grayscale_i/axi_dma_0/U0/I_PRMRY_DATAMOVER/GEN_MM2S_FULL.I_MM2S_FULL_WRAPPER/GEN_INCLUDE_MM2S_SF.I_RD_SF/I_DATA_FIFO/BLK_MEM.I_SYNC_FIFOGEN_FIFO/xpm_fifo_instance.xpm_fifo_sync_inst/xpm_fifo_base_inst/gen_sdpram.xpm_memory_base_inst/gen_wr_a.gen_word_narrow.mem_reg) in SDP mode with WRITE_FIRST write-mode. This is the preferred mode for best power characteristics, however it may exhibit address collisions if the same address appears on both read and write ports resulting in unknown or corrupted read data. It is suggested to confirm via simulation that an address collision never occurs and if so it is suggested to try and avoid this situation. If address collisions cannot be avoided, the write-mode may be set to READ_FIRST which guarantees that the read data is the prior contents of the memory at the cost of additional power in the design. See the FPGA Memory Resources User Guide for additional information.
Related violations: <none>

REQP-181#2 Advisory
writefirst  
Synchronous clocking is detected for BRAM (grayscale_i/axi_dma_0/U0/I_PRMRY_DATAMOVER/GEN_S2MM_FULL.I_S2MM_FULL_WRAPPER/GEN_ENABLE_INDET_BTT_SF.I_INDET_BTT/I_DATA_FIFO/BLK_MEM.I_SYNC_FIFOGEN_FIFO/xpm_fifo_instance.xpm_fifo_sync_inst/xpm_fifo_base_inst/gen_sdpram.xpm_memory_base_inst/gen_wr_a.gen_word_narrow.mem_reg) in SDP mode with WRITE_FIRST write-mode. This is the preferred mode for best power characteristics, however it may exhibit address collisions if the same address appears on both read and write ports resulting in unknown or corrupted read data. It is suggested to confirm via simulation that an address collision never occurs and if so it is suggested to try and avoid this situation. If address collisions cannot be avoided, the write-mode may be set to READ_FIRST which guarantees that the read data is the prior contents of the memory at the cost of additional power in the design. See the FPGA Memory Resources User Guide for additional information.
Related violations: <none>

REQP-1725#1 Advisory
DSP_Abus_sign_bit_alert  
grayscale_i/grayscale_kernel_0/inst/grp_grayscale_kernel_Pipeline_VITIS_LOOP_38_1_VITIS_LOOP_39_2_fu_76/fadd_32ns_32ns_32_5_full_dsp_1_U1/grayscale_kernel_fadd_32ns_32ns_32_5_full_dsp_1_ip_u/inst/i_synth/ADDSUB_OP.ADDSUB/DSP.OP/DSP48E1_BODY.ALIGN_ADD/DSP2/i_no_versal_es1_workaround.DSP: When using the PreAdder and USE_DPORT is TRUE, the A operand should be restricted to 24 bit two's complement (and sign extended) to avoid over/underflow in the pre-add stage.
Related violations: <none>

REQP-1725#2 Advisory
DSP_Abus_sign_bit_alert  
grayscale_i/grayscale_kernel_0/inst/grp_grayscale_kernel_Pipeline_VITIS_LOOP_38_1_VITIS_LOOP_39_2_fu_76/fadd_32ns_32ns_32_5_full_dsp_1_U2/grayscale_kernel_fadd_32ns_32ns_32_5_full_dsp_1_ip_u/inst/i_synth/ADDSUB_OP.ADDSUB/DSP.OP/DSP48E1_BODY.ALIGN_ADD/DSP2/i_no_versal_es1_workaround.DSP: When using the PreAdder and USE_DPORT is TRUE, the A operand should be restricted to 24 bit two's complement (and sign extended) to avoid over/underflow in the pre-add stage.
Related violations: <none>


